<?xml version="1.0" encoding="UTF-8"?>
<coverage generated="1783778485906" clover="3.2.0">
  <project timestamp="1783778485906" name="All files">
    <metrics statements="280" coveredstatements="177" conditionals="110" coveredconditionals="54" methods="45" coveredmethods="24" elements="435" coveredelements="255" complexity="0" loc="280" ncloc="280" packages="11" files="31" classes="31"/>
    <package name="src">
      <metrics statements="12" coveredstatements="10" conditionals="0" coveredconditionals="0" methods="2" coveredmethods="0"/>
      <file name="app.js" path="/Users/naveenpl/Downloads/multi-store-stock-backend/src/app.js">
        <metrics statements="12" coveredstatements="10" conditionals="0" coveredconditionals="0" methods="2" coveredmethods="0"/>
        <line num="10" count="1" type="stmt"/>
        <line num="12" count="1" type="stmt"/>
        <line num="18" count="1" type="stmt"/>
        <line num="21" count="1" type="stmt"/>
        <line num="22" count="0" type="stmt"/>
        <line num="25" count="1" type="stmt"/>
        <line num="26" count="1" type="stmt"/>
        <line num="27" count="1" type="stmt"/>
        <line num="28" count="1" type="stmt"/>
        <line num="31" count="1" type="stmt"/>
        <line num="32" count="0" type="stmt"/>
        <line num="35" count="1" type="stmt"/>
      </file>
    </package>
    <package name="src.config">
      <metrics statements="9" coveredstatements="6" conditionals="2" coveredconditionals="1" methods="3" coveredmethods="2"/>
      <file name="env.js" path="/Users/naveenpl/Downloads/multi-store-stock-backend/src/config/env.js">
        <metrics statements="9" coveredstatements="6" conditionals="2" coveredconditionals="1" methods="3" coveredmethods="2"/>
        <line num="2" count="1" type="stmt"/>
        <line num="5" count="1" type="stmt"/>
        <line num="14" count="6" type="stmt"/>
        <line num="16" count="1" type="cond" truecount="1" falsecount="1"/>
        <line num="17" count="0" type="stmt"/>
        <line num="18" count="0" type="stmt"/>
        <line num="20" count="0" type="stmt"/>
        <line num="24" count="1" type="stmt"/>
        <line num="26" count="1" type="stmt"/>
      </file>
    </package>
    <package name="src.constants">
      <metrics statements="3" coveredstatements="3" conditionals="0" coveredconditionals="0" methods="0" coveredmethods="0"/>
      <file name="http-status.js" path="/Users/naveenpl/Downloads/multi-store-stock-backend/src/constants/http-status.js">
        <metrics statements="1" coveredstatements="1" conditionals="0" coveredconditionals="0" methods="0" coveredmethods="0"/>
        <line num="1" count="1" type="stmt"/>
      </file>
      <file name="roles.js" path="/Users/naveenpl/Downloads/multi-store-stock-backend/src/constants/roles.js">
        <metrics statements="2" coveredstatements="2" conditionals="0" coveredconditionals="0" methods="0" coveredmethods="0"/>
        <line num="1" count="1" type="stmt"/>
        <line num="6" count="1" type="stmt"/>
      </file>
    </package>
    <package name="src.controllers">
      <metrics statements="52" coveredstatements="23" conditionals="0" coveredconditionals="0" methods="9" coveredmethods="3"/>
      <file name="auth.controller.js" path="/Users/naveenpl/Downloads/multi-store-stock-backend/src/controllers/auth.controller.js">
        <metrics statements="12" coveredstatements="2" conditionals="0" coveredconditionals="0" methods="2" coveredmethods="0"/>
        <line num="5" count="1" type="stmt"/>
        <line num="6" count="0" type="stmt"/>
        <line num="7" count="0" type="stmt"/>
        <line num="8" count="0" type="stmt"/>
        <line num="10" count="0" type="stmt"/>
        <line num="17" count="0" type="stmt"/>
        <line num="21" count="1" type="stmt"/>
        <line num="22" count="0" type="stmt"/>
        <line num="23" count="0" type="stmt"/>
        <line num="24" count="0" type="stmt"/>
        <line num="26" count="0" type="stmt"/>
        <line num="33" count="0" type="stmt"/>
      </file>
      <file name="product.controller.js" path="/Users/naveenpl/Downloads/multi-store-stock-backend/src/controllers/product.controller.js">
        <metrics statements="11" coveredstatements="2" conditionals="0" coveredconditionals="0" methods="2" coveredmethods="0"/>
        <line num="5" count="1" type="stmt"/>
        <line num="6" count="0" type="stmt"/>
        <line num="7" count="0" type="stmt"/>
        <line num="8" count="0" type="stmt"/>
        <line num="10" count="0" type="stmt"/>
        <line num="17" count="0" type="stmt"/>
        <line num="21" count="1" type="stmt"/>
        <line num="22" count="0" type="stmt"/>
        <line num="23" count="0" type="stmt"/>
        <line num="25" count="0" type="stmt"/>
        <line num="32" count="0" type="stmt"/>
      </file>
      <file name="stock.controller.js" path="/Users/naveenpl/Downloads/multi-store-stock-backend/src/controllers/stock.controller.js">
        <metrics statements="18" coveredstatements="17" conditionals="0" coveredconditionals="0" methods="3" coveredmethods="3"/>
        <line num="5" count="1" type="stmt"/>
        <line num="6" count="1" type="stmt"/>
        <line num="7" count="1" type="stmt"/>
        <line num="8" count="1" type="stmt"/>
        <line num="10" count="1" type="stmt"/>
        <line num="17" count="0" type="stmt"/>
        <line num="21" count="1" type="stmt"/>
        <line num="22" count="5" type="stmt"/>
        <line num="23" count="5" type="stmt"/>
        <line num="24" count="5" type="stmt"/>
        <line num="26" count="3" type="stmt"/>
        <line num="33" count="2" type="stmt"/>
        <line num="37" count="1" type="stmt"/>
        <line num="38" count="2" type="stmt"/>
        <line num="39" count="2" type="stmt"/>
        <line num="40" count="2" type="stmt"/>
        <line num="42" count="1" type="stmt"/>
        <line num="49" count="1" type="stmt"/>
      </file>
      <file name="store.controller.js" path="/Users/naveenpl/Downloads/multi-store-stock-backend/src/controllers/store.controller.js">
        <metrics statements="11" coveredstatements="2" conditionals="0" coveredconditionals="0" methods="2" coveredmethods="0"/>
        <line num="5" count="1" type="stmt"/>
        <line num="6" count="0" type="stmt"/>
        <line num="7" count="0" type="stmt"/>
        <line num="8" count="0" type="stmt"/>
        <line num="10" count="0" type="stmt"/>
        <line num="17" count="0" type="stmt"/>
        <line num="21" count="1" type="stmt"/>
        <line num="22" count="0" type="stmt"/>
        <line num="23" count="0" type="stmt"/>
        <line num="25" count="0" type="stmt"/>
        <line num="32" count="0" type="stmt"/>
      </file>
    </package>
    <package name="src.middleware">
      <metrics statements="31" coveredstatements="22" conditionals="22" coveredconditionals="15" methods="4" coveredmethods="3"/>
      <file name="auth.middleware.js" path="/Users/naveenpl/Downloads/multi-store-stock-backend/src/middleware/auth.middleware.js">
        <metrics statements="15" coveredstatements="13" conditionals="12" coveredconditionals="10" methods="2" coveredmethods="2"/>
        <line num="5" count="1" type="stmt"/>
        <line num="6" count="7" type="stmt"/>
        <line num="7" count="10" type="stmt"/>
        <line num="8" count="10" type="stmt"/>
        <line num="11" count="10" type="cond" truecount="3" falsecount="1"/>
        <line num="12" count="0" type="stmt"/>
        <line num="15" count="10" type="stmt"/>
        <line num="16" count="10" type="stmt"/>
        <line num="17" count="10" type="stmt"/>
        <line num="20" count="10" type="cond" truecount="4" falsecount="0"/>
        <line num="21" count="1" type="stmt"/>
        <line num="24" count="9" type="stmt"/>
        <line num="26" count="1" type="cond" truecount="3" falsecount="1"/>
        <line num="27" count="0" type="stmt"/>
        <line num="29" count="1" type="stmt"/>
      </file>
      <file name="error.middleware.js" path="/Users/naveenpl/Downloads/multi-store-stock-backend/src/middleware/error.middleware.js">
        <metrics statements="16" coveredstatements="9" conditionals="10" coveredconditionals="5" methods="2" coveredmethods="1"/>
        <line num="3" count="1" type="stmt"/>
        <line num="4" count="5" type="stmt"/>
        <line num="5" count="5" type="stmt"/>
        <line num="6" count="5" type="cond" truecount="1" falsecount="1"/>
        <line num="9" count="5" type="stmt"/>
        <line num="11" count="5" type="cond" truecount="1" falsecount="1"/>
        <line num="12" count="0" type="stmt"/>
        <line num="13" count="0" type="stmt"/>
        <line num="17" count="5" type="cond" truecount="1" falsecount="1"/>
        <line num="18" count="0" type="stmt"/>
        <line num="19" count="0" type="stmt"/>
        <line num="20" count="0" type="stmt"/>
        <line num="23" count="5" type="cond" truecount="1" falsecount="1"/>
        <line num="24" count="0" type="stmt"/>
        <line num="25" count="0" type="stmt"/>
        <line num="28" count="5" type="stmt"/>
      </file>
    </package>
    <package name="src.models">
      <metrics statements="6" coveredstatements="6" conditionals="0" coveredconditionals="0" methods="0" coveredmethods="0"/>
      <file name="Product.js" path="/Users/naveenpl/Downloads/multi-store-stock-backend/src/models/Product.js">
        <metrics statements="1" coveredstatements="1" conditionals="0" coveredconditionals="0" methods="0" coveredmethods="0"/>
        <line num="3" count="1" type="stmt"/>
      </file>
      <file name="Stock.js" path="/Users/naveenpl/Downloads/multi-store-stock-backend/src/models/Stock.js">
        <metrics statements="2" coveredstatements="2" conditionals="0" coveredconditionals="0" methods="0" coveredmethods="0"/>
        <line num="3" count="1" type="stmt"/>
        <line num="26" count="1" type="stmt"/>
      </file>
      <file name="Store.js" path="/Users/naveenpl/Downloads/multi-store-stock-backend/src/models/Store.js">
        <metrics statements="1" coveredstatements="1" conditionals="0" coveredconditionals="0" methods="0" coveredmethods="0"/>
        <line num="3" count="1" type="stmt"/>
      </file>
      <file name="User.js" path="/Users/naveenpl/Downloads/multi-store-stock-backend/src/models/User.js">
        <metrics statements="2" coveredstatements="2" conditionals="0" coveredconditionals="0" methods="0" coveredmethods="0"/>
        <line num="4" count="1" type="stmt"/>
        <line num="31" count="1" type="stmt"/>
      </file>
    </package>
    <package name="src.routes">
      <metrics statements="13" coveredstatements="13" conditionals="0" coveredconditionals="0" methods="0" coveredmethods="0"/>
      <file name="auth.routes.js" path="/Users/naveenpl/Downloads/multi-store-stock-backend/src/routes/auth.routes.js">
        <metrics statements="3" coveredstatements="3" conditionals="0" coveredconditionals="0" methods="0" coveredmethods="0"/>
        <line num="5" count="1" type="stmt"/>
        <line num="7" count="1" type="stmt"/>
        <line num="8" count="1" type="stmt"/>
      </file>
      <file name="product.routes.js" path="/Users/naveenpl/Downloads/multi-store-stock-backend/src/routes/product.routes.js">
        <metrics statements="3" coveredstatements="3" conditionals="0" coveredconditionals="0" methods="0" coveredmethods="0"/>
        <line num="7" count="1" type="stmt"/>
        <line num="9" count="1" type="stmt"/>
        <line num="10" count="1" type="stmt"/>
      </file>
      <file name="stock.routes.js" path="/Users/naveenpl/Downloads/multi-store-stock-backend/src/routes/stock.routes.js">
        <metrics statements="4" coveredstatements="4" conditionals="0" coveredconditionals="0" methods="0" coveredmethods="0"/>
        <line num="7" count="1" type="stmt"/>
        <line num="9" count="1" type="stmt"/>
        <line num="10" count="1" type="stmt"/>
        <line num="11" count="1" type="stmt"/>
      </file>
      <file name="store.routes.js" path="/Users/naveenpl/Downloads/multi-store-stock-backend/src/routes/store.routes.js">
        <metrics statements="3" coveredstatements="3" conditionals="0" coveredconditionals="0" methods="0" coveredmethods="0"/>
        <line num="7" count="1" type="stmt"/>
        <line num="9" count="1" type="stmt"/>
        <line num="10" count="1" type="stmt"/>
      </file>
    </package>
    <package name="src.services">
      <metrics statements="70" coveredstatements="41" conditionals="34" coveredconditionals="15" methods="10" coveredmethods="4"/>
      <file name="auth.service.js" path="/Users/naveenpl/Downloads/multi-store-stock-backend/src/services/auth.service.js">
        <metrics statements="17" coveredstatements="3" conditionals="6" coveredconditionals="0" methods="2" coveredmethods="0"/>
        <line num="8" count="1" type="stmt"/>
        <line num="10" count="1" type="stmt"/>
        <line num="11" count="0" type="stmt"/>
        <line num="14" count="0" type="stmt"/>
        <line num="15" count="0" type="cond" truecount="0" falsecount="2"/>
        <line num="16" count="0" type="stmt"/>
        <line num="19" count="0" type="stmt"/>
        <line num="21" count="0" type="stmt"/>
        <line num="28" count="0" type="stmt"/>
        <line num="34" count="1" type="stmt"/>
        <line num="35" count="0" type="stmt"/>
        <line num="38" count="0" type="cond" truecount="0" falsecount="2"/>
        <line num="39" count="0" type="stmt"/>
        <line num="42" count="0" type="stmt"/>
        <line num="43" count="0" type="cond" truecount="0" falsecount="2"/>
        <line num="44" count="0" type="stmt"/>
        <line num="47" count="0" type="stmt"/>
      </file>
      <file name="product.service.js" path="/Users/naveenpl/Downloads/multi-store-stock-backend/src/services/product.service.js">
        <metrics statements="9" coveredstatements="2" conditionals="2" coveredconditionals="0" methods="2" coveredmethods="0"/>
        <line num="5" count="1" type="stmt"/>
        <line num="6" count="0" type="stmt"/>
        <line num="9" count="0" type="stmt"/>
        <line num="10" count="0" type="cond" truecount="0" falsecount="2"/>
        <line num="11" count="0" type="stmt"/>
        <line num="14" count="0" type="stmt"/>
        <line num="19" count="0" type="stmt"/>
        <line num="22" count="1" type="stmt"/>
        <line num="23" count="0" type="stmt"/>
      </file>
      <file name="stock.service.js" path="/Users/naveenpl/Downloads/multi-store-stock-backend/src/services/stock.service.js">
        <metrics statements="36" coveredstatements="34" conditionals="24" coveredconditionals="15" methods="4" coveredmethods="4"/>
        <line num="8" count="1" type="stmt"/>
        <line num="9" count="1" type="stmt"/>
        <line num="11" count="1" type="cond" truecount="1" falsecount="1"/>
        <line num="12" count="1" type="stmt"/>
        <line num="15" count="1" type="stmt"/>
        <line num="22" count="1" type="stmt"/>
        <line num="24" count="5" type="stmt"/>
        <line num="29" count="5" type="cond" truecount="1" falsecount="1"/>
        <line num="30" count="5" type="cond" truecount="1" falsecount="1"/>
        <line num="32" count="5" type="stmt"/>
        <line num="35" count="5" type="cond" truecount="1" falsecount="1"/>
        <line num="36" count="0" type="stmt"/>
        <line num="43" count="5" type="stmt"/>
        <line num="45" count="5" type="stmt"/>
        <line num="46" count="5" type="cond" truecount="4" falsecount="0"/>
        <line num="47" count="2" type="stmt"/>
        <line num="55" count="3" type="stmt"/>
        <line num="65" count="3" type="cond" truecount="1" falsecount="1"/>
        <line num="66" count="0" type="stmt"/>
        <line num="69" count="3" type="stmt"/>
        <line num="72" count="1" type="stmt"/>
        <line num="73" count="2" type="stmt"/>
        <line num="79" count="2" type="cond" truecount="1" falsecount="1"/>
        <line num="80" count="2" type="cond" truecount="1" falsecount="1"/>
        <line num="81" count="2" type="cond" truecount="1" falsecount="1"/>
        <line num="83" count="2" type="stmt"/>
        <line num="84" count="2" type="stmt"/>
        <line num="86" count="2" type="stmt"/>
        <line num="88" count="2" type="stmt"/>
        <line num="90" count="2" type="stmt"/>
        <line num="100" count="2" type="cond" truecount="2" falsecount="0"/>
        <line num="101" count="1" type="stmt"/>
        <line num="105" count="1" type="stmt"/>
        <line num="111" count="1" type="stmt"/>
        <line num="114" count="1" type="stmt"/>
        <line num="116" count="2" type="stmt"/>
      </file>
      <file name="store.service.js" path="/Users/naveenpl/Downloads/multi-store-stock-backend/src/services/store.service.js">
        <metrics statements="8" coveredstatements="2" conditionals="2" coveredconditionals="0" methods="2" coveredmethods="0"/>
        <line num="5" count="1" type="stmt"/>
        <line num="6" count="0" type="stmt"/>
        <line num="8" count="0" type="stmt"/>
        <line num="9" count="0" type="cond" truecount="0" falsecount="2"/>
        <line num="10" count="0" type="stmt"/>
        <line num="13" count="0" type="stmt"/>
        <line num="16" count="1" type="stmt"/>
        <line num="17" count="0" type="stmt"/>
      </file>
    </package>
    <package name="src.utils">
      <metrics statements="15" coveredstatements="11" conditionals="12" coveredconditionals="5" methods="6" coveredmethods="5"/>
      <file name="AppError.js" path="/Users/naveenpl/Downloads/multi-store-stock-backend/src/utils/AppError.js">
        <metrics statements="2" coveredstatements="2" conditionals="0" coveredconditionals="0" methods="1" coveredmethods="1"/>
        <line num="3" count="5" type="stmt"/>
        <line num="4" count="5" type="stmt"/>
      </file>
      <file name="response.util.js" path="/Users/naveenpl/Downloads/multi-store-stock-backend/src/utils/response.util.js">
        <metrics statements="2" coveredstatements="2" conditionals="3" coveredconditionals="2" methods="1" coveredmethods="1"/>
        <line num="1" count="1" type="cond" truecount="0" falsecount="1"/>
        <line num="2" count="5" type="stmt"/>
      </file>
      <file name="token.util.js" path="/Users/naveenpl/Downloads/multi-store-stock-backend/src/utils/token.util.js">
        <metrics statements="4" coveredstatements="4" conditionals="0" coveredconditionals="0" methods="2" coveredmethods="2"/>
        <line num="4" count="1" type="stmt"/>
        <line num="5" count="6" type="stmt"/>
        <line num="15" count="1" type="stmt"/>
        <line num="16" count="10" type="stmt"/>
      </file>
      <file name="validation.util.js" path="/Users/naveenpl/Downloads/multi-store-stock-backend/src/utils/validation.util.js">
        <metrics statements="7" coveredstatements="3" conditionals="9" coveredconditionals="3" methods="2" coveredmethods="1"/>
        <line num="4" count="1" type="cond" truecount="0" falsecount="1"/>
        <line num="5" count="19" type="cond" truecount="3" falsecount="1"/>
        <line num="6" count="0" type="stmt"/>
        <line num="10" count="1" type="stmt"/>
        <line num="11" count="0" type="stmt"/>
        <line num="12" count="0" type="cond" truecount="0" falsecount="4"/>
        <line num="13" count="0" type="stmt"/>
      </file>
    </package>
    <package name="src.validations">
      <metrics statements="55" coveredstatements="28" conditionals="38" coveredconditionals="16" methods="7" coveredmethods="3"/>
      <file name="auht.validation.js" path="/Users/naveenpl/Downloads/multi-store-stock-backend/src/validations/auht.validation.js">
        <metrics statements="15" coveredstatements="2" conditionals="11" coveredconditionals="0" methods="2" coveredmethods="0"/>
        <line num="5" count="1" type="stmt"/>
        <line num="6" count="0" type="stmt"/>
        <line num="8" count="0" type="cond" truecount="0" falsecount="5"/>
        <line num="9" count="0" type="stmt"/>
        <line num="12" count="0" type="cond" truecount="0" falsecount="2"/>
        <line num="13" count="0" type="stmt"/>
        <line num="16" count="0" type="stmt"/>
        <line num="17" count="0" type="stmt"/>
        <line num="18" count="0" type="stmt"/>
        <line num="20" count="0" type="stmt"/>
        <line num="24" count="1" type="stmt"/>
        <line num="25" count="0" type="stmt"/>
        <line num="27" count="0" type="cond" truecount="0" falsecount="4"/>
        <line num="28" count="0" type="stmt"/>
        <line num="31" count="0" type="stmt"/>
      </file>
      <file name="product.validation.js" path="/Users/naveenpl/Downloads/multi-store-stock-backend/src/validations/product.validation.js">
        <metrics statements="5" coveredstatements="1" conditionals="4" coveredconditionals="0" methods="1" coveredmethods="0"/>
        <line num="4" count="1" type="stmt"/>
        <line num="5" count="0" type="stmt"/>
        <line num="7" count="0" type="cond" truecount="0" falsecount="4"/>
        <line num="8" count="0" type="stmt"/>
        <line num="11" count="0" type="stmt"/>
      </file>
      <file name="stock.validation.js" path="/Users/naveenpl/Downloads/multi-store-stock-backend/src/validations/stock.validation.js">
        <metrics statements="30" coveredstatements="24" conditionals="21" coveredconditionals="16" methods="3" coveredmethods="3"/>
        <line num="5" count="1" type="stmt"/>
        <line num="6" count="1" type="stmt"/>
        <line num="8" count="1" type="cond" truecount="1" falsecount="1"/>
        <line num="9" count="1" type="stmt"/>
        <line num="10" count="1" type="cond" truecount="3" falsecount="1"/>
        <line num="11" count="0" type="stmt"/>
        <line num="14" count="1" type="stmt"/>
        <line num="17" count="1" type="stmt"/>
        <line num="18" count="5" type="stmt"/>
        <line num="20" count="5" type="stmt"/>
        <line num="21" count="5" type="stmt"/>
        <line num="22" count="5" type="stmt"/>
        <line num="24" count="0" type="stmt"/>
        <line num="27" count="5" type="cond" truecount="4" falsecount="1"/>
        <line num="28" count="0" type="stmt"/>
        <line num="31" count="5" type="cond" truecount="1" falsecount="1"/>
        <line num="32" count="0" type="stmt"/>
        <line num="35" count="5" type="stmt"/>
        <line num="38" count="1" type="stmt"/>
        <line num="39" count="3" type="stmt"/>
        <line num="41" count="3" type="stmt"/>
        <line num="42" count="3" type="stmt"/>
        <line num="43" count="3" type="stmt"/>
        <line num="44" count="3" type="stmt"/>
        <line num="46" count="0" type="stmt"/>
        <line num="49" count="3" type="cond" truecount="5" falsecount="1"/>
        <line num="50" count="0" type="stmt"/>
        <line num="53" count="3" type="cond" truecount="2" falsecount="0"/>
        <line num="54" count="1" type="stmt"/>
        <line num="57" count="2" type="stmt"/>
      </file>
      <file name="store.validation.js" path="/Users/naveenpl/Downloads/multi-store-stock-backend/src/validations/store.validation.js">
        <metrics statements="5" coveredstatements="1" conditionals="2" coveredconditionals="0" methods="1" coveredmethods="0"/>
        <line num="4" count="1" type="stmt"/>
        <line num="5" count="0" type="stmt"/>
        <line num="7" count="0" type="cond" truecount="0" falsecount="2"/>
        <line num="8" count="0" type="stmt"/>
        <line num="11" count="0" type="stmt"/>
      </file>
    </package>
    <package name="tests">
      <metrics statements="14" coveredstatements="14" conditionals="2" coveredconditionals="2" methods="4" coveredmethods="4"/>
      <file name="helpers.js" path="/Users/naveenpl/Downloads/multi-store-stock-backend/tests/helpers.js">
        <metrics statements="14" coveredstatements="14" conditionals="2" coveredconditionals="2" methods="4" coveredmethods="4"/>
        <line num="8" count="1" type="stmt"/>
        <line num="9" count="5" type="stmt"/>
        <line num="10" count="5" type="stmt"/>
        <line num="16" count="5" type="stmt"/>
        <line num="17" count="5" type="stmt"/>
        <line num="20" count="1" type="stmt"/>
        <line num="21" count="1" type="stmt"/>
        <line num="22" count="1" type="stmt"/>
        <line num="28" count="1" type="stmt"/>
        <line num="29" count="1" type="stmt"/>
        <line num="32" count="1" type="cond" truecount="1" falsecount="0"/>
        <line num="33" count="6" type="stmt"/>
        <line num="40" count="1" type="cond" truecount="1" falsecount="0"/>
        <line num="41" count="9" type="stmt"/>
      </file>
    </package>
  </project>
</coverage>
