{"/Users/naveenpl/Downloads/multi-store-stock-backend/src/app.js": {"path":"/Users/naveenpl/Downloads/multi-store-stock-backend/src/app.js","statementMap":{"0":{"start":{"line":10,"column":12},"end":{"line":10,"column":21}},"1":{"start":{"line":12,"column":0},"end":{"line":17,"column":2}},"2":{"start":{"line":18,"column":0},"end":{"line":18,"column":24}},"3":{"start":{"line":21,"column":0},"end":{"line":23,"column":3}},"4":{"start":{"line":22,"column":2},"end":{"line":22,"column":41}},"5":{"start":{"line":25,"column":0},"end":{"line":25,"column":33}},"6":{"start":{"line":26,"column":0},"end":{"line":26,"column":40}},"7":{"start":{"line":27,"column":0},"end":{"line":27,"column":36}},"8":{"start":{"line":28,"column":0},"end":{"line":28,"column":35}},"9":{"start":{"line":31,"column":0},"end":{"line":33,"column":3}},"10":{"start":{"line":32,"column":2},"end":{"line":32,"column":66}},"11":{"start":{"line":35,"column":0},"end":{"line":35,"column":21}}},"fnMap":{"0":{"name":"(anonymous_0)","decl":{"start":{"line":21,"column":23},"end":{"line":21,"column":24}},"loc":{"start":{"line":21,"column":37},"end":{"line":23,"column":1}},"line":21},"1":{"name":"(anonymous_1)","decl":{"start":{"line":31,"column":8},"end":{"line":31,"column":9}},"loc":{"start":{"line":31,"column":22},"end":{"line":33,"column":1}},"line":31}},"branchMap":{},"s":{"0":1,"1":1,"2":1,"3":1,"4":0,"5":1,"6":1,"7":1,"8":1,"9":1,"10":0,"11":1},"f":{"0":0,"1":0},"b":{},"_coverageSchema":"1a1c01bbd47fc00a2c39e90264f33305004495a9","hash":"5bd1e976593a91fe2389a08509052728836982df"}
,"/Users/naveenpl/Downloads/multi-store-stock-backend/src/config/env.js": {"path":"/Users/naveenpl/Downloads/multi-store-stock-backend/src/config/env.js","statementMap":{"0":{"start":{"line":2,"column":0},"end":{"line":2,"column":16}},"1":{"start":{"line":5,"column":26},"end":{"line":12,"column":3}},"2":{"start":{"line":14,"column":22},"end":{"line":14,"column":78}},"3":{"start":{"line":14,"column":57},"end":{"line":14,"column":77}},"4":{"start":{"line":16,"column":2},"end":{"line":21,"column":3}},"5":{"start":{"line":17,"column":4},"end":{"line":19,"column":6}},"6":{"start":{"line":18,"column":73},"end":{"line":18,"column":83}},"7":{"start":{"line":20,"column":4},"end":{"line":20,"column":20}},"8":{"start":{"line":24,"column":0},"end":{"line":24,"column":18}},"9":{"start":{"line":26,"column":22},"end":{"line":33,"column":1}}},"fnMap":{"0":{"name":"validateEnvVars","decl":{"start":{"line":4,"column":9},"end":{"line":4,"column":24}},"loc":{"start":{"line":4,"column":27},"end":{"line":22,"column":1}},"line":4},"1":{"name":"(anonymous_1)","decl":{"start":{"line":14,"column":45},"end":{"line":14,"column":46}},"loc":{"start":{"line":14,"column":57},"end":{"line":14,"column":77}},"line":14},"2":{"name":"(anonymous_2)","decl":{"start":{"line":18,"column":66},"end":{"line":18,"column":67}},"loc":{"start":{"line":18,"column":73},"end":{"line":18,"column":83}},"line":18}},"branchMap":{"0":{"loc":{"start":{"line":16,"column":2},"end":{"line":21,"column":3}},"type":"if","locations":[{"start":{"line":16,"column":2},"end":{"line":21,"column":3}},{"start":{},"end":{}}],"line":16}},"s":{"0":1,"1":1,"2":1,"3":6,"4":1,"5":0,"6":0,"7":0,"8":1,"9":1},"f":{"0":1,"1":6,"2":0},"b":{"0":[0,1]},"_coverageSchema":"1a1c01bbd47fc00a2c39e90264f33305004495a9","hash":"69d9a13f2343857fdd516cfd64353545b7f9fe5f"}
,"/Users/naveenpl/Downloads/multi-store-stock-backend/src/constants/http-status.js": {"path":"/Users/naveenpl/Downloads/multi-store-stock-backend/src/constants/http-status.js","statementMap":{"0":{"start":{"line":1,"column":27},"end":{"line":12,"column":3}}},"fnMap":{},"branchMap":{},"s":{"0":1},"f":{},"b":{},"_coverageSchema":"1a1c01bbd47fc00a2c39e90264f33305004495a9","hash":"81d2104afa3544469b5278d62e802e0fa85fab73"}
,"/Users/naveenpl/Downloads/multi-store-stock-backend/src/constants/roles.js": {"path":"/Users/naveenpl/Downloads/multi-store-stock-backend/src/constants/roles.js","statementMap":{"0":{"start":{"line":1,"column":21},"end":{"line":4,"column":3}},"1":{"start":{"line":6,"column":29},"end":{"line":6,"column":49}}},"fnMap":{},"branchMap":{},"s":{"0":1,"1":1},"f":{},"b":{},"_coverageSchema":"1a1c01bbd47fc00a2c39e90264f33305004495a9","hash":"226b215a310ab1ac935ecaf21065b46fdf35ce99"}
,"/Users/naveenpl/Downloads/multi-store-stock-backend/src/controllers/auth.controller.js": {"path":"/Users/naveenpl/Downloads/multi-store-stock-backend/src/controllers/auth.controller.js","statementMap":{"0":{"start":{"line":5,"column":24},"end":{"line":19,"column":1}},"1":{"start":{"line":6,"column":2},"end":{"line":18,"column":3}},"2":{"start":{"line":7,"column":42},"end":{"line":7,"column":50}},"3":{"start":{"line":8,"column":19},"end":{"line":8,"column":68}},"4":{"start":{"line":10,"column":4},"end":{"line":15,"column":6}},"5":{"start":{"line":17,"column":4},"end":{"line":17,"column":16}},"6":{"start":{"line":21,"column":21},"end":{"line":35,"column":1}},"7":{"start":{"line":22,"column":2},"end":{"line":34,"column":3}},"8":{"start":{"line":23,"column":32},"end":{"line":23,"column":40}},"9":{"start":{"line":24,"column":19},"end":{"line":24,"column":55}},"10":{"start":{"line":26,"column":4},"end":{"line":31,"column":6}},"11":{"start":{"line":33,"column":4},"end":{"line":33,"column":16}}},"fnMap":{"0":{"name":"(anonymous_0)","decl":{"start":{"line":5,"column":24},"end":{"line":5,"column":25}},"loc":{"start":{"line":5,"column":50},"end":{"line":19,"column":1}},"line":5},"1":{"name":"(anonymous_1)","decl":{"start":{"line":21,"column":21},"end":{"line":21,"column":22}},"loc":{"start":{"line":21,"column":47},"end":{"line":35,"column":1}},"line":21}},"branchMap":{},"s":{"0":1,"1":0,"2":0,"3":0,"4":0,"5":0,"6":1,"7":0,"8":0,"9":0,"10":0,"11":0},"f":{"0":0,"1":0},"b":{},"_coverageSchema":"1a1c01bbd47fc00a2c39e90264f33305004495a9","hash":"daa617d6474135e84607e3505f7e627be6fa4037"}
,"/Users/naveenpl/Downloads/multi-store-stock-backend/src/controllers/product.controller.js": {"path":"/Users/naveenpl/Downloads/multi-store-stock-backend/src/controllers/product.controller.js","statementMap":{"0":{"start":{"line":5,"column":29},"end":{"line":19,"column":1}},"1":{"start":{"line":6,"column":2},"end":{"line":18,"column":3}},"2":{"start":{"line":7,"column":26},"end":{"line":7,"column":34}},"3":{"start":{"line":8,"column":20},"end":{"line":8,"column":61}},"4":{"start":{"line":10,"column":4},"end":{"line":15,"column":6}},"5":{"start":{"line":17,"column":4},"end":{"line":17,"column":16}},"6":{"start":{"line":21,"column":28},"end":{"line":34,"column":1}},"7":{"start":{"line":22,"column":2},"end":{"line":33,"column":3}},"8":{"start":{"line":23,"column":21},"end":{"line":23,"column":43}},"9":{"start":{"line":25,"column":4},"end":{"line":30,"column":6}},"10":{"start":{"line":32,"column":4},"end":{"line":32,"column":16}}},"fnMap":{"0":{"name":"(anonymous_0)","decl":{"start":{"line":5,"column":29},"end":{"line":5,"column":30}},"loc":{"start":{"line":5,"column":55},"end":{"line":19,"column":1}},"line":5},"1":{"name":"(anonymous_1)","decl":{"start":{"line":21,"column":28},"end":{"line":21,"column":29}},"loc":{"start":{"line":21,"column":54},"end":{"line":34,"column":1}},"line":21}},"branchMap":{},"s":{"0":1,"1":0,"2":0,"3":0,"4":0,"5":0,"6":1,"7":0,"8":0,"9":0,"10":0},"f":{"0":0,"1":0},"b":{},"_coverageSchema":"1a1c01bbd47fc00a2c39e90264f33305004495a9","hash":"5f0aee715f293f86331f96f86b24a0b13e0ca53a"}
,"/Users/naveenpl/Downloads/multi-store-stock-backend/src/controllers/stock.controller.js": {"path":"/Users/naveenpl/Downloads/multi-store-stock-backend/src/controllers/stock.controller.js","statementMap":{"0":{"start":{"line":5,"column":25},"end":{"line":19,"column":1}},"1":{"start":{"line":6,"column":2},"end":{"line":18,"column":3}},"2":{"start":{"line":7,"column":26},"end":{"line":7,"column":35}},"3":{"start":{"line":8,"column":18},"end":{"line":8,"column":70}},"4":{"start":{"line":10,"column":4},"end":{"line":15,"column":6}},"5":{"start":{"line":17,"column":4},"end":{"line":17,"column":16}},"6":{"start":{"line":21,"column":27},"end":{"line":35,"column":1}},"7":{"start":{"line":22,"column":2},"end":{"line":34,"column":3}},"8":{"start":{"line":23,"column":42},"end":{"line":23,"column":50}},"9":{"start":{"line":24,"column":19},"end":{"line":24,"column":74}},"10":{"start":{"line":26,"column":4},"end":{"line":31,"column":6}},"11":{"start":{"line":33,"column":4},"end":{"line":33,"column":16}},"12":{"start":{"line":37,"column":29},"end":{"line":51,"column":1}},"13":{"start":{"line":38,"column":2},"end":{"line":50,"column":3}},"14":{"start":{"line":39,"column":60},"end":{"line":39,"column":68}},"15":{"start":{"line":40,"column":19},"end":{"line":40,"column":94}},"16":{"start":{"line":42,"column":4},"end":{"line":47,"column":6}},"17":{"start":{"line":49,"column":4},"end":{"line":49,"column":16}}},"fnMap":{"0":{"name":"(anonymous_0)","decl":{"start":{"line":5,"column":25},"end":{"line":5,"column":26}},"loc":{"start":{"line":5,"column":51},"end":{"line":19,"column":1}},"line":5},"1":{"name":"(anonymous_1)","decl":{"start":{"line":21,"column":27},"end":{"line":21,"column":28}},"loc":{"start":{"line":21,"column":53},"end":{"line":35,"column":1}},"line":21},"2":{"name":"(anonymous_2)","decl":{"start":{"line":37,"column":29},"end":{"line":37,"column":30}},"loc":{"start":{"line":37,"column":55},"end":{"line":51,"column":1}},"line":37}},"branchMap":{},"s":{"0":1,"1":1,"2":1,"3":1,"4":1,"5":0,"6":1,"7":5,"8":5,"9":5,"10":3,"11":2,"12":1,"13":2,"14":2,"15":2,"16":1,"17":1},"f":{"0":1,"1":5,"2":2},"b":{},"_coverageSchema":"1a1c01bbd47fc00a2c39e90264f33305004495a9","hash":"d7b35153ca301a6c72cacb981a2325daaf6a4834"}
,"/Users/naveenpl/Downloads/multi-store-stock-backend/src/controllers/store.controller.js": {"path":"/Users/naveenpl/Downloads/multi-store-stock-backend/src/controllers/store.controller.js","statementMap":{"0":{"start":{"line":5,"column":27},"end":{"line":19,"column":1}},"1":{"start":{"line":6,"column":2},"end":{"line":18,"column":3}},"2":{"start":{"line":7,"column":21},"end":{"line":7,"column":29}},"3":{"start":{"line":8,"column":18},"end":{"line":8,"column":52}},"4":{"start":{"line":10,"column":4},"end":{"line":15,"column":6}},"5":{"start":{"line":17,"column":4},"end":{"line":17,"column":16}},"6":{"start":{"line":21,"column":26},"end":{"line":34,"column":1}},"7":{"start":{"line":22,"column":2},"end":{"line":33,"column":3}},"8":{"start":{"line":23,"column":19},"end":{"line":23,"column":39}},"9":{"start":{"line":25,"column":4},"end":{"line":30,"column":6}},"10":{"start":{"line":32,"column":4},"end":{"line":32,"column":16}}},"fnMap":{"0":{"name":"(anonymous_0)","decl":{"start":{"line":5,"column":27},"end":{"line":5,"column":28}},"loc":{"start":{"line":5,"column":53},"end":{"line":19,"column":1}},"line":5},"1":{"name":"(anonymous_1)","decl":{"start":{"line":21,"column":26},"end":{"line":21,"column":27}},"loc":{"start":{"line":21,"column":52},"end":{"line":34,"column":1}},"line":21}},"branchMap":{},"s":{"0":1,"1":0,"2":0,"3":0,"4":0,"5":0,"6":1,"7":0,"8":0,"9":0,"10":0},"f":{"0":0,"1":0},"b":{},"_coverageSchema":"1a1c01bbd47fc00a2c39e90264f33305004495a9","hash":"afcc7f77ae331547a9b1b58dcbf73fc4e7468adb"}
,"/Users/naveenpl/Downloads/multi-store-stock-backend/src/middleware/auth.middleware.js": {"path":"/Users/naveenpl/Downloads/multi-store-stock-backend/src/middleware/auth.middleware.js","statementMap":{"0":{"start":{"line":5,"column":25},"end":{"line":32,"column":1}},"1":{"start":{"line":6,"column":2},"end":{"line":31,"column":4}},"2":{"start":{"line":7,"column":4},"end":{"line":30,"column":5}},"3":{"start":{"line":8,"column":25},"end":{"line":8,"column":50}},"4":{"start":{"line":11,"column":6},"end":{"line":13,"column":7}},"5":{"start":{"line":12,"column":8},"end":{"line":12,"column":68}},"6":{"start":{"line":15,"column":20},"end":{"line":15,"column":44}},"7":{"start":{"line":16,"column":22},"end":{"line":16,"column":40}},"8":{"start":{"line":17,"column":6},"end":{"line":17,"column":25}},"9":{"start":{"line":20,"column":6},"end":{"line":22,"column":7}},"10":{"start":{"line":21,"column":8},"end":{"line":21,"column":75}},"11":{"start":{"line":24,"column":6},"end":{"line":24,"column":13}},"12":{"start":{"line":26,"column":6},"end":{"line":28,"column":7}},"13":{"start":{"line":27,"column":8},"end":{"line":27,"column":67}},"14":{"start":{"line":29,"column":6},"end":{"line":29,"column":18}}},"fnMap":{"0":{"name":"(anonymous_0)","decl":{"start":{"line":5,"column":25},"end":{"line":5,"column":26}},"loc":{"start":{"line":5,"column":46},"end":{"line":32,"column":1}},"line":5},"1":{"name":"(anonymous_1)","decl":{"start":{"line":6,"column":9},"end":{"line":6,"column":10}},"loc":{"start":{"line":6,"column":29},"end":{"line":31,"column":3}},"line":6}},"branchMap":{"0":{"loc":{"start":{"line":11,"column":6},"end":{"line":13,"column":7}},"type":"if","locations":[{"start":{"line":11,"column":6},"end":{"line":13,"column":7}},{"start":{},"end":{}}],"line":11},"1":{"loc":{"start":{"line":11,"column":10},"end":{"line":11,"column":58}},"type":"binary-expr","locations":[{"start":{"line":11,"column":10},"end":{"line":11,"column":21}},{"start":{"line":11,"column":25},"end":{"line":11,"column":58}}],"line":11},"2":{"loc":{"start":{"line":20,"column":6},"end":{"line":22,"column":7}},"type":"if","locations":[{"start":{"line":20,"column":6},"end":{"line":22,"column":7}},{"start":{},"end":{}}],"line":20},"3":{"loc":{"start":{"line":20,"column":10},"end":{"line":20,"column":74}},"type":"binary-expr","locations":[{"start":{"line":20,"column":10},"end":{"line":20,"column":33}},{"start":{"line":20,"column":37},"end":{"line":20,"column":74}}],"line":20},"4":{"loc":{"start":{"line":26,"column":6},"end":{"line":28,"column":7}},"type":"if","locations":[{"start":{"line":26,"column":6},"end":{"line":28,"column":7}},{"start":{},"end":{}}],"line":26},"5":{"loc":{"start":{"line":26,"column":10},"end":{"line":26,"column":82}},"type":"binary-expr","locations":[{"start":{"line":26,"column":10},"end":{"line":26,"column":44}},{"start":{"line":26,"column":48},"end":{"line":26,"column":82}}],"line":26}},"s":{"0":1,"1":7,"2":10,"3":10,"4":10,"5":0,"6":10,"7":10,"8":10,"9":10,"10":1,"11":9,"12":1,"13":0,"14":1},"f":{"0":7,"1":10},"b":{"0":[0,10],"1":[10,10],"2":[1,9],"3":[10,9],"4":[0,1],"5":[1,1]},"_coverageSchema":"1a1c01bbd47fc00a2c39e90264f33305004495a9","hash":"93f96964bb9490db99ed86f22b4cdb3c1aaa848e"}
,"/Users/naveenpl/Downloads/multi-store-stock-backend/src/middleware/error.middleware.js": {"path":"/Users/naveenpl/Downloads/multi-store-stock-backend/src/middleware/error.middleware.js","statementMap":{"0":{"start":{"line":3,"column":28},"end":{"line":31,"column":3}},"1":{"start":{"line":4,"column":16},"end":{"line":4,"column":26}},"2":{"start":{"line":5,"column":4},"end":{"line":5,"column":32}},"3":{"start":{"line":6,"column":4},"end":{"line":6,"column":75}},"4":{"start":{"line":9,"column":4},"end":{"line":9,"column":29}},"5":{"start":{"line":11,"column":4},"end":{"line":14,"column":5}},"6":{"start":{"line":12,"column":6},"end":{"line":12,"column":75}},"7":{"start":{"line":13,"column":6},"end":{"line":13,"column":49}},"8":{"start":{"line":17,"column":4},"end":{"line":21,"column":5}},"9":{"start":{"line":18,"column":20},"end":{"line":18,"column":48}},"10":{"start":{"line":19,"column":6},"end":{"line":19,"column":90}},"11":{"start":{"line":20,"column":6},"end":{"line":20,"column":46}},"12":{"start":{"line":23,"column":4},"end":{"line":26,"column":5}},"13":{"start":{"line":24,"column":6},"end":{"line":24,"column":85}},"14":{"start":{"line":24,"column":61},"end":{"line":24,"column":72}},"15":{"start":{"line":25,"column":6},"end":{"line":25,"column":49}},"16":{"start":{"line":28,"column":4},"end":{"line":30,"column":7}}},"fnMap":{"0":{"name":"(anonymous_0)","decl":{"start":{"line":3,"column":28},"end":{"line":3,"column":29}},"loc":{"start":{"line":3,"column":53},"end":{"line":31,"column":3}},"line":3},"1":{"name":"(anonymous_1)","decl":{"start":{"line":24,"column":52},"end":{"line":24,"column":53}},"loc":{"start":{"line":24,"column":61},"end":{"line":24,"column":72}},"line":24}},"branchMap":{"0":{"loc":{"start":{"line":6,"column":23},"end":{"line":6,"column":74}},"type":"binary-expr","locations":[{"start":{"line":6,"column":23},"end":{"line":6,"column":37}},{"start":{"line":6,"column":41},"end":{"line":6,"column":74}}],"line":6},"1":{"loc":{"start":{"line":11,"column":4},"end":{"line":14,"column":5}},"type":"if","locations":[{"start":{"line":11,"column":4},"end":{"line":14,"column":5}},{"start":{},"end":{}}],"line":11},"2":{"loc":{"start":{"line":17,"column":4},"end":{"line":21,"column":5}},"type":"if","locations":[{"start":{"line":17,"column":4},"end":{"line":21,"column":5}},{"start":{},"end":{}}],"line":17},"3":{"loc":{"start":{"line":23,"column":4},"end":{"line":26,"column":5}},"type":"if","locations":[{"start":{"line":23,"column":4},"end":{"line":26,"column":5}},{"start":{},"end":{}}],"line":23},"4":{"loc":{"start":{"line":29,"column":24},"end":{"line":29,"column":64}},"type":"binary-expr","locations":[{"start":{"line":29,"column":24},"end":{"line":29,"column":37}},{"start":{"line":29,"column":41},"end":{"line":29,"column":64}}],"line":29}},"s":{"0":1,"1":5,"2":5,"3":5,"4":5,"5":5,"6":0,"7":0,"8":5,"9":0,"10":0,"11":0,"12":5,"13":0,"14":0,"15":0,"16":5},"f":{"0":5,"1":0},"b":{"0":[5,0],"1":[0,5],"2":[0,5],"3":[0,5],"4":[5,0]},"_coverageSchema":"1a1c01bbd47fc00a2c39e90264f33305004495a9","hash":"3a31f6e54159098c47340ae705184d1f9463584a"}
,"/Users/naveenpl/Downloads/multi-store-stock-backend/src/models/Product.js": {"path":"/Users/naveenpl/Downloads/multi-store-stock-backend/src/models/Product.js","statementMap":{"0":{"start":{"line":3,"column":22},"end":{"line":15,"column":1}}},"fnMap":{},"branchMap":{},"s":{"0":1},"f":{},"b":{},"_coverageSchema":"1a1c01bbd47fc00a2c39e90264f33305004495a9","hash":"40fa0ec2d416fac6b8dfa6c7d69e82d6426259dd"}
,"/Users/naveenpl/Downloads/multi-store-stock-backend/src/models/Stock.js": {"path":"/Users/naveenpl/Downloads/multi-store-stock-backend/src/models/Stock.js","statementMap":{"0":{"start":{"line":3,"column":20},"end":{"line":23,"column":1}},"1":{"start":{"line":26,"column":0},"end":{"line":26,"column":62}}},"fnMap":{},"branchMap":{},"s":{"0":1,"1":1},"f":{},"b":{},"_coverageSchema":"1a1c01bbd47fc00a2c39e90264f33305004495a9","hash":"76cd58995d58da6bef21b49c9c4813bd754d9ec5"}
,"/Users/naveenpl/Downloads/multi-store-stock-backend/src/models/Store.js": {"path":"/Users/naveenpl/Downloads/multi-store-stock-backend/src/models/Store.js","statementMap":{"0":{"start":{"line":3,"column":20},"end":{"line":8,"column":1}}},"fnMap":{},"branchMap":{},"s":{"0":1},"f":{},"b":{},"_coverageSchema":"1a1c01bbd47fc00a2c39e90264f33305004495a9","hash":"7e5a36e727ee1c66a490a19c0c3b315d2939ee66"}
,"/Users/naveenpl/Downloads/multi-store-stock-backend/src/models/User.js": {"path":"/Users/naveenpl/Downloads/multi-store-stock-backend/src/models/User.js","statementMap":{"0":{"start":{"line":4,"column":19},"end":{"line":29,"column":1}},"1":{"start":{"line":31,"column":13},"end":{"line":31,"column":47}}},"fnMap":{},"branchMap":{},"s":{"0":1,"1":1},"f":{},"b":{},"_coverageSchema":"1a1c01bbd47fc00a2c39e90264f33305004495a9","hash":"11f62d7b806493f24da5c4068e76bb73da4a73d5"}
,"/Users/naveenpl/Downloads/multi-store-stock-backend/src/routes/auth.routes.js": {"path":"/Users/naveenpl/Downloads/multi-store-stock-backend/src/routes/auth.routes.js","statementMap":{"0":{"start":{"line":5,"column":15},"end":{"line":5,"column":31}},"1":{"start":{"line":7,"column":0},"end":{"line":7,"column":56}},"2":{"start":{"line":8,"column":0},"end":{"line":8,"column":47}}},"fnMap":{},"branchMap":{},"s":{"0":1,"1":1,"2":1},"f":{},"b":{},"_coverageSchema":"1a1c01bbd47fc00a2c39e90264f33305004495a9","hash":"76bf89d33410fb3cc80c3f45e7ab2bb834c7ca1a"}
,"/Users/naveenpl/Downloads/multi-store-stock-backend/src/routes/product.routes.js": {"path":"/Users/naveenpl/Downloads/multi-store-stock-backend/src/routes/product.routes.js","statementMap":{"0":{"start":{"line":7,"column":15},"end":{"line":7,"column":31}},"1":{"start":{"line":9,"column":0},"end":{"line":9,"column":43}},"2":{"start":{"line":10,"column":0},"end":{"line":10,"column":82}}},"fnMap":{},"branchMap":{},"s":{"0":1,"1":1,"2":1},"f":{},"b":{},"_coverageSchema":"1a1c01bbd47fc00a2c39e90264f33305004495a9","hash":"390eccfb0326dd93a893003d2473c1ec69dc3443"}
,"/Users/naveenpl/Downloads/multi-store-stock-backend/src/routes/stock.routes.js": {"path":"/Users/naveenpl/Downloads/multi-store-stock-backend/src/routes/stock.routes.js","statementMap":{"0":{"start":{"line":7,"column":15},"end":{"line":7,"column":31}},"1":{"start":{"line":9,"column":0},"end":{"line":9,"column":63}},"2":{"start":{"line":10,"column":0},"end":{"line":10,"column":85}},"3":{"start":{"line":11,"column":0},"end":{"line":11,"column":91}}},"fnMap":{},"branchMap":{},"s":{"0":1,"1":1,"2":1,"3":1},"f":{},"b":{},"_coverageSchema":"1a1c01bbd47fc00a2c39e90264f33305004495a9","hash":"148dde1599c20bc0ab34bbea932a56dcbe9407a9"}
,"/Users/naveenpl/Downloads/multi-store-stock-backend/src/routes/store.routes.js": {"path":"/Users/naveenpl/Downloads/multi-store-stock-backend/src/routes/store.routes.js","statementMap":{"0":{"start":{"line":7,"column":15},"end":{"line":7,"column":31}},"1":{"start":{"line":9,"column":0},"end":{"line":9,"column":41}},"2":{"start":{"line":10,"column":0},"end":{"line":10,"column":78}}},"fnMap":{},"branchMap":{},"s":{"0":1,"1":1,"2":1},"f":{},"b":{},"_coverageSchema":"1a1c01bbd47fc00a2c39e90264f33305004495a9","hash":"216ac3d57c65f69f5d934a9cce88c17e51f37a7c"}
,"/Users/naveenpl/Downloads/multi-store-stock-backend/src/services/auth.service.js": {"path":"/Users/naveenpl/Downloads/multi-store-stock-backend/src/services/auth.service.js","statementMap":{"0":{"start":{"line":8,"column":20},"end":{"line":8,"column":22}},"1":{"start":{"line":10,"column":28},"end":{"line":32,"column":1}},"2":{"start":{"line":11,"column":25},"end":{"line":11,"column":51}},"3":{"start":{"line":14,"column":23},"end":{"line":14,"column":68}},"4":{"start":{"line":15,"column":2},"end":{"line":17,"column":3}},"5":{"start":{"line":16,"column":4},"end":{"line":16,"column":76}},"6":{"start":{"line":19,"column":25},"end":{"line":19,"column":65}},"7":{"start":{"line":21,"column":15},"end":{"line":26,"column":4}},"8":{"start":{"line":28,"column":2},"end":{"line":31,"column":4}},"9":{"start":{"line":34,"column":25},"end":{"line":51,"column":1}},"10":{"start":{"line":35,"column":15},"end":{"line":35,"column":65}},"11":{"start":{"line":38,"column":2},"end":{"line":40,"column":3}},"12":{"start":{"line":39,"column":4},"end":{"line":39,"column":78}},"13":{"start":{"line":42,"column":18},"end":{"line":42,"column":63}},"14":{"start":{"line":43,"column":2},"end":{"line":45,"column":3}},"15":{"start":{"line":44,"column":4},"end":{"line":44,"column":78}},"16":{"start":{"line":47,"column":2},"end":{"line":50,"column":4}}},"fnMap":{"0":{"name":"(anonymous_0)","decl":{"start":{"line":10,"column":28},"end":{"line":10,"column":29}},"loc":{"start":{"line":10,"column":69},"end":{"line":32,"column":1}},"line":10},"1":{"name":"(anonymous_1)","decl":{"start":{"line":34,"column":25},"end":{"line":34,"column":26}},"loc":{"start":{"line":34,"column":56},"end":{"line":51,"column":1}},"line":34}},"branchMap":{"0":{"loc":{"start":{"line":15,"column":2},"end":{"line":17,"column":3}},"type":"if","locations":[{"start":{"line":15,"column":2},"end":{"line":17,"column":3}},{"start":{},"end":{}}],"line":15},"1":{"loc":{"start":{"line":38,"column":2},"end":{"line":40,"column":3}},"type":"if","locations":[{"start":{"line":38,"column":2},"end":{"line":40,"column":3}},{"start":{},"end":{}}],"line":38},"2":{"loc":{"start":{"line":43,"column":2},"end":{"line":45,"column":3}},"type":"if","locations":[{"start":{"line":43,"column":2},"end":{"line":45,"column":3}},{"start":{},"end":{}}],"line":43}},"s":{"0":1,"1":1,"2":0,"3":0,"4":0,"5":0,"6":0,"7":0,"8":0,"9":1,"10":0,"11":0,"12":0,"13":0,"14":0,"15":0,"16":0},"f":{"0":0,"1":0},"b":{"0":[0,0],"1":[0,0],"2":[0,0]},"_coverageSchema":"1a1c01bbd47fc00a2c39e90264f33305004495a9","hash":"93b339f8839abdf2254d4abea1db7c553ae5d25c"}
,"/Users/naveenpl/Downloads/multi-store-stock-backend/src/services/product.service.js": {"path":"/Users/naveenpl/Downloads/multi-store-stock-backend/src/services/product.service.js","statementMap":{"0":{"start":{"line":5,"column":29},"end":{"line":20,"column":1}},"1":{"start":{"line":6,"column":23},"end":{"line":6,"column":47}},"2":{"start":{"line":9,"column":26},"end":{"line":9,"column":70}},"3":{"start":{"line":10,"column":2},"end":{"line":12,"column":3}},"4":{"start":{"line":11,"column":4},"end":{"line":11,"column":98}},"5":{"start":{"line":14,"column":18},"end":{"line":17,"column":4}},"6":{"start":{"line":19,"column":2},"end":{"line":19,"column":17}},"7":{"start":{"line":22,"column":30},"end":{"line":25,"column":1}},"8":{"start":{"line":23,"column":2},"end":{"line":23,"column":61}}},"fnMap":{"0":{"name":"(anonymous_0)","decl":{"start":{"line":5,"column":29},"end":{"line":5,"column":30}},"loc":{"start":{"line":5,"column":54},"end":{"line":20,"column":1}},"line":5},"1":{"name":"(anonymous_1)","decl":{"start":{"line":22,"column":30},"end":{"line":22,"column":31}},"loc":{"start":{"line":22,"column":42},"end":{"line":25,"column":1}},"line":22}},"branchMap":{"0":{"loc":{"start":{"line":10,"column":2},"end":{"line":12,"column":3}},"type":"if","locations":[{"start":{"line":10,"column":2},"end":{"line":12,"column":3}},{"start":{},"end":{}}],"line":10}},"s":{"0":1,"1":0,"2":0,"3":0,"4":0,"5":0,"6":0,"7":1,"8":0},"f":{"0":0,"1":0},"b":{"0":[0,0]},"_coverageSchema":"1a1c01bbd47fc00a2c39e90264f33305004495a9","hash":"1043cfdde95a6e80b0680a2738654298c94acf9e"}
,"/Users/naveenpl/Downloads/multi-store-stock-backend/src/services/stock.service.js": {"path":"/Users/naveenpl/Downloads/multi-store-stock-backend/src/services/stock.service.js","statementMap":{"0":{"start":{"line":8,"column":28},"end":{"line":20,"column":1}},"1":{"start":{"line":9,"column":17},"end":{"line":9,"column":19}},"2":{"start":{"line":11,"column":2},"end":{"line":13,"column":3}},"3":{"start":{"line":12,"column":4},"end":{"line":12,"column":58}},"4":{"start":{"line":15,"column":2},"end":{"line":19,"column":12}},"5":{"start":{"line":22,"column":27},"end":{"line":70,"column":1}},"6":{"start":{"line":24,"column":27},"end":{"line":27,"column":4}},"7":{"start":{"line":29,"column":2},"end":{"line":29,"column":79}},"8":{"start":{"line":29,"column":16},"end":{"line":29,"column":79}},"9":{"start":{"line":30,"column":2},"end":{"line":30,"column":75}},"10":{"start":{"line":30,"column":14},"end":{"line":30,"column":75}},"11":{"start":{"line":32,"column":23},"end":{"line":32,"column":36}},"12":{"start":{"line":35,"column":2},"end":{"line":41,"column":3}},"13":{"start":{"line":36,"column":4},"end":{"line":40,"column":6}},"14":{"start":{"line":43,"column":26},"end":{"line":43,"column":48}},"15":{"start":{"line":45,"column":22},"end":{"line":45,"column":81}},"16":{"start":{"line":46,"column":2},"end":{"line":53,"column":3}},"17":{"start":{"line":47,"column":4},"end":{"line":52,"column":6}},"18":{"start":{"line":55,"column":18},"end":{"line":63,"column":3}},"19":{"start":{"line":65,"column":2},"end":{"line":67,"column":3}},"20":{"start":{"line":66,"column":4},"end":{"line":66,"column":99}},"21":{"start":{"line":69,"column":2},"end":{"line":69,"column":17}},"22":{"start":{"line":72,"column":29},"end":{"line":118,"column":1}},"23":{"start":{"line":73,"column":40},"end":{"line":77,"column":4}},"24":{"start":{"line":79,"column":2},"end":{"line":79,"column":79}},"25":{"start":{"line":79,"column":16},"end":{"line":79,"column":79}},"26":{"start":{"line":80,"column":2},"end":{"line":80,"column":86}},"27":{"start":{"line":80,"column":18},"end":{"line":80,"column":86}},"28":{"start":{"line":81,"column":2},"end":{"line":81,"column":89}},"29":{"start":{"line":81,"column":16},"end":{"line":81,"column":89}},"30":{"start":{"line":83,"column":14},"end":{"line":83,"column":30}},"31":{"start":{"line":84,"column":18},"end":{"line":84,"column":47}},"32":{"start":{"line":86,"column":2},"end":{"line":117,"column":3}},"33":{"start":{"line":88,"column":4},"end":{"line":112,"column":7}},"34":{"start":{"line":90,"column":21},"end":{"line":98,"column":7}},"35":{"start":{"line":100,"column":6},"end":{"line":102,"column":7}},"36":{"start":{"line":101,"column":8},"end":{"line":101,"column":110}},"37":{"start":{"line":105,"column":26},"end":{"line":109,"column":7}},"38":{"start":{"line":111,"column":6},"end":{"line":111,"column":39}},"39":{"start":{"line":114,"column":4},"end":{"line":114,"column":18}},"40":{"start":{"line":116,"column":4},"end":{"line":116,"column":31}}},"fnMap":{"0":{"name":"(anonymous_0)","decl":{"start":{"line":8,"column":28},"end":{"line":8,"column":29}},"loc":{"start":{"line":8,"column":61},"end":{"line":20,"column":1}},"line":8},"1":{"name":"(anonymous_1)","decl":{"start":{"line":22,"column":27},"end":{"line":22,"column":28}},"loc":{"start":{"line":22,"column":68},"end":{"line":70,"column":1}},"line":22},"2":{"name":"(anonymous_2)","decl":{"start":{"line":72,"column":29},"end":{"line":72,"column":30}},"loc":{"start":{"line":72,"column":88},"end":{"line":118,"column":1}},"line":72},"3":{"name":"(anonymous_3)","decl":{"start":{"line":88,"column":34},"end":{"line":88,"column":35}},"loc":{"start":{"line":88,"column":46},"end":{"line":112,"column":5}},"line":88}},"branchMap":{"0":{"loc":{"start":{"line":11,"column":2},"end":{"line":13,"column":3}},"type":"if","locations":[{"start":{"line":11,"column":2},"end":{"line":13,"column":3}},{"start":{},"end":{}}],"line":11},"1":{"loc":{"start":{"line":29,"column":2},"end":{"line":29,"column":79}},"type":"if","locations":[{"start":{"line":29,"column":2},"end":{"line":29,"column":79}},{"start":{},"end":{}}],"line":29},"2":{"loc":{"start":{"line":30,"column":2},"end":{"line":30,"column":75}},"type":"if","locations":[{"start":{"line":30,"column":2},"end":{"line":30,"column":75}},{"start":{},"end":{}}],"line":30},"3":{"loc":{"start":{"line":35,"column":2},"end":{"line":41,"column":3}},"type":"if","locations":[{"start":{"line":35,"column":2},"end":{"line":41,"column":3}},{"start":{},"end":{}}],"line":35},"4":{"loc":{"start":{"line":46,"column":2},"end":{"line":53,"column":3}},"type":"if","locations":[{"start":{"line":46,"column":2},"end":{"line":53,"column":3}},{"start":{},"end":{}}],"line":46},"5":{"loc":{"start":{"line":46,"column":6},"end":{"line":46,"column":60}},"type":"binary-expr","locations":[{"start":{"line":46,"column":6},"end":{"line":46,"column":18}},{"start":{"line":46,"column":22},"end":{"line":46,"column":60}}],"line":46},"6":{"loc":{"start":{"line":48,"column":6},"end":{"line":50,"column":107}},"type":"cond-expr","locations":[{"start":{"line":49,"column":10},"end":{"line":49,"column":75}},{"start":{"line":50,"column":10},"end":{"line":50,"column":107}}],"line":48},"7":{"loc":{"start":{"line":65,"column":2},"end":{"line":67,"column":3}},"type":"if","locations":[{"start":{"line":65,"column":2},"end":{"line":67,"column":3}},{"start":{},"end":{}}],"line":65},"8":{"loc":{"start":{"line":79,"column":2},"end":{"line":79,"column":79}},"type":"if","locations":[{"start":{"line":79,"column":2},"end":{"line":79,"column":79}},{"start":{},"end":{}}],"line":79},"9":{"loc":{"start":{"line":80,"column":2},"end":{"line":80,"column":86}},"type":"if","locations":[{"start":{"line":80,"column":2},"end":{"line":80,"column":86}},{"start":{},"end":{}}],"line":80},"10":{"loc":{"start":{"line":81,"column":2},"end":{"line":81,"column":89}},"type":"if","locations":[{"start":{"line":81,"column":2},"end":{"line":81,"column":89}},{"start":{},"end":{}}],"line":81},"11":{"loc":{"start":{"line":100,"column":6},"end":{"line":102,"column":7}},"type":"if","locations":[{"start":{"line":100,"column":6},"end":{"line":102,"column":7}},{"start":{},"end":{}}],"line":100}},"s":{"0":1,"1":1,"2":1,"3":1,"4":1,"5":1,"6":5,"7":5,"8":0,"9":5,"10":0,"11":5,"12":5,"13":0,"14":5,"15":5,"16":5,"17":2,"18":3,"19":3,"20":0,"21":3,"22":1,"23":2,"24":2,"25":0,"26":2,"27":0,"28":2,"29":0,"30":2,"31":2,"32":2,"33":2,"34":2,"35":2,"36":1,"37":1,"38":1,"39":1,"40":2},"f":{"0":1,"1":5,"2":2,"3":2},"b":{"0":[1,0],"1":[0,5],"2":[0,5],"3":[0,5],"4":[2,3],"5":[5,5],"6":[0,2],"7":[0,3],"8":[0,2],"9":[0,2],"10":[0,2],"11":[1,1]},"_coverageSchema":"1a1c01bbd47fc00a2c39e90264f33305004495a9","hash":"f7af50368e58f6f06203146ca6bef0098affa77d"}
,"/Users/naveenpl/Downloads/multi-store-stock-backend/src/services/store.service.js": {"path":"/Users/naveenpl/Downloads/multi-store-stock-backend/src/services/store.service.js","statementMap":{"0":{"start":{"line":5,"column":27},"end":{"line":14,"column":1}},"1":{"start":{"line":6,"column":24},"end":{"line":6,"column":35}},"2":{"start":{"line":8,"column":24},"end":{"line":8,"column":104}},"3":{"start":{"line":9,"column":2},"end":{"line":11,"column":3}},"4":{"start":{"line":10,"column":4},"end":{"line":10,"column":96}},"5":{"start":{"line":13,"column":2},"end":{"line":13,"column":53}},"6":{"start":{"line":16,"column":28},"end":{"line":18,"column":1}},"7":{"start":{"line":17,"column":2},"end":{"line":17,"column":59}}},"fnMap":{"0":{"name":"(anonymous_0)","decl":{"start":{"line":5,"column":27},"end":{"line":5,"column":28}},"loc":{"start":{"line":5,"column":47},"end":{"line":14,"column":1}},"line":5},"1":{"name":"(anonymous_1)","decl":{"start":{"line":16,"column":28},"end":{"line":16,"column":29}},"loc":{"start":{"line":16,"column":40},"end":{"line":18,"column":1}},"line":16}},"branchMap":{"0":{"loc":{"start":{"line":9,"column":2},"end":{"line":11,"column":3}},"type":"if","locations":[{"start":{"line":9,"column":2},"end":{"line":11,"column":3}},{"start":{},"end":{}}],"line":9}},"s":{"0":1,"1":0,"2":0,"3":0,"4":0,"5":0,"6":1,"7":0},"f":{"0":0,"1":0},"b":{"0":[0,0]},"_coverageSchema":"1a1c01bbd47fc00a2c39e90264f33305004495a9","hash":"09e1d6c78d0e7d4d83a56d3dbbd5b4d999994805"}
,"/Users/naveenpl/Downloads/multi-store-stock-backend/src/utils/AppError.js": {"path":"/Users/naveenpl/Downloads/multi-store-stock-backend/src/utils/AppError.js","statementMap":{"0":{"start":{"line":3,"column":6},"end":{"line":3,"column":21}},"1":{"start":{"line":4,"column":6},"end":{"line":4,"column":35}}},"fnMap":{"0":{"name":"(anonymous_0)","decl":{"start":{"line":2,"column":4},"end":{"line":2,"column":5}},"loc":{"start":{"line":2,"column":37},"end":{"line":5,"column":5}},"line":2}},"branchMap":{},"s":{"0":5,"1":5},"f":{"0":5},"b":{},"_coverageSchema":"1a1c01bbd47fc00a2c39e90264f33305004495a9","hash":"e37f7fb2d2c5340ed32051373e38fd55cb1d0d12"}
,"/Users/naveenpl/Downloads/multi-store-stock-backend/src/utils/response.util.js": {"path":"/Users/naveenpl/Downloads/multi-store-stock-backend/src/utils/response.util.js","statementMap":{"0":{"start":{"line":1,"column":28},"end":{"line":7,"column":3}},"1":{"start":{"line":2,"column":4},"end":{"line":6,"column":7}}},"fnMap":{"0":{"name":"(anonymous_0)","decl":{"start":{"line":1,"column":28},"end":{"line":1,"column":29}},"loc":{"start":{"line":1,"column":71},"end":{"line":7,"column":3}},"line":1}},"branchMap":{"0":{"loc":{"start":{"line":1,"column":55},"end":{"line":1,"column":66}},"type":"default-arg","locations":[{"start":{"line":1,"column":62},"end":{"line":1,"column":66}}],"line":1},"1":{"loc":{"start":{"line":5,"column":10},"end":{"line":5,"column":26}},"type":"binary-expr","locations":[{"start":{"line":5,"column":10},"end":{"line":5,"column":14}},{"start":{"line":5,"column":18},"end":{"line":5,"column":26}}],"line":5}},"s":{"0":1,"1":5},"f":{"0":5},"b":{"0":[0],"1":[5,5]},"_coverageSchema":"1a1c01bbd47fc00a2c39e90264f33305004495a9","hash":"6483633d732f62fc03d2ac1eeb019f4f1253f0dd"}
,"/Users/naveenpl/Downloads/multi-store-stock-backend/src/utils/token.util.js": {"path":"/Users/naveenpl/Downloads/multi-store-stock-backend/src/utils/token.util.js","statementMap":{"0":{"start":{"line":4,"column":29},"end":{"line":13,"column":1}},"1":{"start":{"line":5,"column":2},"end":{"line":12,"column":4}},"2":{"start":{"line":15,"column":27},"end":{"line":17,"column":1}},"3":{"start":{"line":16,"column":2},"end":{"line":16,"column":46}}},"fnMap":{"0":{"name":"(anonymous_0)","decl":{"start":{"line":4,"column":29},"end":{"line":4,"column":30}},"loc":{"start":{"line":4,"column":39},"end":{"line":13,"column":1}},"line":4},"1":{"name":"(anonymous_1)","decl":{"start":{"line":15,"column":27},"end":{"line":15,"column":28}},"loc":{"start":{"line":15,"column":38},"end":{"line":17,"column":1}},"line":15}},"branchMap":{},"s":{"0":1,"1":6,"2":1,"3":10},"f":{"0":6,"1":10},"b":{},"_coverageSchema":"1a1c01bbd47fc00a2c39e90264f33305004495a9","hash":"68bd69e54668cfae1f6488323f01ddfdf961df89"}
,"/Users/naveenpl/Downloads/multi-store-stock-backend/src/utils/validation.util.js": {"path":"/Users/naveenpl/Downloads/multi-store-stock-backend/src/utils/validation.util.js","statementMap":{"0":{"start":{"line":4,"column":32},"end":{"line":8,"column":3}},"1":{"start":{"line":5,"column":4},"end":{"line":7,"column":5}},"2":{"start":{"line":6,"column":6},"end":{"line":6,"column":81}},"3":{"start":{"line":10,"column":29},"end":{"line":15,"column":1}},"4":{"start":{"line":11,"column":21},"end":{"line":11,"column":49}},"5":{"start":{"line":12,"column":2},"end":{"line":14,"column":3}},"6":{"start":{"line":13,"column":4},"end":{"line":13,"column":88}}},"fnMap":{"0":{"name":"(anonymous_0)","decl":{"start":{"line":4,"column":32},"end":{"line":4,"column":33}},"loc":{"start":{"line":4,"column":58},"end":{"line":8,"column":3}},"line":4},"1":{"name":"(anonymous_1)","decl":{"start":{"line":10,"column":29},"end":{"line":10,"column":30}},"loc":{"start":{"line":10,"column":40},"end":{"line":15,"column":1}},"line":10}},"branchMap":{"0":{"loc":{"start":{"line":4,"column":37},"end":{"line":4,"column":53}},"type":"default-arg","locations":[{"start":{"line":4,"column":49},"end":{"line":4,"column":53}}],"line":4},"1":{"loc":{"start":{"line":5,"column":4},"end":{"line":7,"column":5}},"type":"if","locations":[{"start":{"line":5,"column":4},"end":{"line":7,"column":5}},{"start":{},"end":{}}],"line":5},"2":{"loc":{"start":{"line":5,"column":8},"end":{"line":5,"column":44}},"type":"binary-expr","locations":[{"start":{"line":5,"column":8},"end":{"line":5,"column":11}},{"start":{"line":5,"column":15},"end":{"line":5,"column":44}}],"line":5},"3":{"loc":{"start":{"line":12,"column":2},"end":{"line":14,"column":3}},"type":"if","locations":[{"start":{"line":12,"column":2},"end":{"line":14,"column":3}},{"start":{},"end":{}}],"line":12},"4":{"loc":{"start":{"line":12,"column":6},"end":{"line":12,"column":39}},"type":"binary-expr","locations":[{"start":{"line":12,"column":6},"end":{"line":12,"column":12}},{"start":{"line":12,"column":16},"end":{"line":12,"column":39}}],"line":12}},"s":{"0":1,"1":19,"2":0,"3":1,"4":0,"5":0,"6":0},"f":{"0":19,"1":0},"b":{"0":[0],"1":[0,19],"2":[19,19],"3":[0,0],"4":[0,0]},"_coverageSchema":"1a1c01bbd47fc00a2c39e90264f33305004495a9","hash":"a14cfc3c49117c15044676a148773cb1f9eba830"}
,"/Users/naveenpl/Downloads/multi-store-stock-backend/src/validations/auht.validation.js": {"path":"/Users/naveenpl/Downloads/multi-store-stock-backend/src/validations/auht.validation.js","statementMap":{"0":{"start":{"line":5,"column":37},"end":{"line":22,"column":1}},"1":{"start":{"line":6,"column":40},"end":{"line":6,"column":48}},"2":{"start":{"line":8,"column":2},"end":{"line":10,"column":3}},"3":{"start":{"line":9,"column":4},"end":{"line":9,"column":101}},"4":{"start":{"line":12,"column":2},"end":{"line":14,"column":3}},"5":{"start":{"line":13,"column":4},"end":{"line":13,"column":102}},"6":{"start":{"line":16,"column":2},"end":{"line":21,"column":3}},"7":{"start":{"line":17,"column":4},"end":{"line":17,"column":32}},"8":{"start":{"line":18,"column":4},"end":{"line":18,"column":11}},"9":{"start":{"line":20,"column":4},"end":{"line":20,"column":16}},"10":{"start":{"line":24,"column":34},"end":{"line":32,"column":1}},"11":{"start":{"line":25,"column":30},"end":{"line":25,"column":38}},"12":{"start":{"line":27,"column":2},"end":{"line":29,"column":3}},"13":{"start":{"line":28,"column":4},"end":{"line":28,"column":90}},"14":{"start":{"line":31,"column":2},"end":{"line":31,"column":9}}},"fnMap":{"0":{"name":"(anonymous_0)","decl":{"start":{"line":5,"column":37},"end":{"line":5,"column":38}},"loc":{"start":{"line":5,"column":57},"end":{"line":22,"column":1}},"line":5},"1":{"name":"(anonymous_1)","decl":{"start":{"line":24,"column":34},"end":{"line":24,"column":35}},"loc":{"start":{"line":24,"column":54},"end":{"line":32,"column":1}},"line":24}},"branchMap":{"0":{"loc":{"start":{"line":8,"column":2},"end":{"line":10,"column":3}},"type":"if","locations":[{"start":{"line":8,"column":2},"end":{"line":10,"column":3}},{"start":{},"end":{}}],"line":8},"1":{"loc":{"start":{"line":8,"column":6},"end":{"line":8,"column":54}},"type":"binary-expr","locations":[{"start":{"line":8,"column":6},"end":{"line":8,"column":23}},{"start":{"line":8,"column":27},"end":{"line":8,"column":41}},{"start":{"line":8,"column":45},"end":{"line":8,"column":54}}],"line":8},"2":{"loc":{"start":{"line":12,"column":2},"end":{"line":14,"column":3}},"type":"if","locations":[{"start":{"line":12,"column":2},"end":{"line":14,"column":3}},{"start":{},"end":{}}],"line":12},"3":{"loc":{"start":{"line":27,"column":2},"end":{"line":29,"column":3}},"type":"if","locations":[{"start":{"line":27,"column":2},"end":{"line":29,"column":3}},{"start":{},"end":{}}],"line":27},"4":{"loc":{"start":{"line":27,"column":6},"end":{"line":27,"column":33}},"type":"binary-expr","locations":[{"start":{"line":27,"column":6},"end":{"line":27,"column":20}},{"start":{"line":27,"column":24},"end":{"line":27,"column":33}}],"line":27}},"s":{"0":1,"1":0,"2":0,"3":0,"4":0,"5":0,"6":0,"7":0,"8":0,"9":0,"10":1,"11":0,"12":0,"13":0,"14":0},"f":{"0":0,"1":0},"b":{"0":[0,0],"1":[0,0,0],"2":[0,0],"3":[0,0],"4":[0,0]},"_coverageSchema":"1a1c01bbd47fc00a2c39e90264f33305004495a9","hash":"7146dbaf12082044a7aa2b1cbcb2f92a67c43663"}
,"/Users/naveenpl/Downloads/multi-store-stock-backend/src/validations/product.validation.js": {"path":"/Users/naveenpl/Downloads/multi-store-stock-backend/src/validations/product.validation.js","statementMap":{"0":{"start":{"line":4,"column":42},"end":{"line":12,"column":1}},"1":{"start":{"line":5,"column":24},"end":{"line":5,"column":32}},"2":{"start":{"line":7,"column":2},"end":{"line":9,"column":3}},"3":{"start":{"line":8,"column":4},"end":{"line":8,"column":92}},"4":{"start":{"line":11,"column":2},"end":{"line":11,"column":9}}},"fnMap":{"0":{"name":"(anonymous_0)","decl":{"start":{"line":4,"column":42},"end":{"line":4,"column":43}},"loc":{"start":{"line":4,"column":62},"end":{"line":12,"column":1}},"line":4}},"branchMap":{"0":{"loc":{"start":{"line":7,"column":2},"end":{"line":9,"column":3}},"type":"if","locations":[{"start":{"line":7,"column":2},"end":{"line":9,"column":3}},{"start":{},"end":{}}],"line":7},"1":{"loc":{"start":{"line":7,"column":6},"end":{"line":7,"column":35}},"type":"binary-expr","locations":[{"start":{"line":7,"column":6},"end":{"line":7,"column":19}},{"start":{"line":7,"column":23},"end":{"line":7,"column":35}}],"line":7}},"s":{"0":1,"1":0,"2":0,"3":0,"4":0},"f":{"0":0},"b":{"0":[0,0],"1":[0,0]},"_coverageSchema":"1a1c01bbd47fc00a2c39e90264f33305004495a9","hash":"39c0c2f8a71f3542b3f8cbcffab2529867b980ee"}
,"/Users/naveenpl/Downloads/multi-store-stock-backend/src/validations/stock.validation.js": {"path":"/Users/naveenpl/Downloads/multi-store-stock-backend/src/validations/stock.validation.js","statementMap":{"0":{"start":{"line":5,"column":38},"end":{"line":15,"column":1}},"1":{"start":{"line":6,"column":24},"end":{"line":6,"column":33}},"2":{"start":{"line":8,"column":2},"end":{"line":13,"column":3}},"3":{"start":{"line":9,"column":28},"end":{"line":9,"column":45}},"4":{"start":{"line":10,"column":4},"end":{"line":12,"column":5}},"5":{"start":{"line":11,"column":6},"end":{"line":11,"column":100}},"6":{"start":{"line":14,"column":2},"end":{"line":14,"column":9}},"7":{"start":{"line":17,"column":40},"end":{"line":36,"column":1}},"8":{"start":{"line":18,"column":40},"end":{"line":18,"column":48}},"9":{"start":{"line":20,"column":2},"end":{"line":25,"column":3}},"10":{"start":{"line":21,"column":4},"end":{"line":21,"column":45}},"11":{"start":{"line":22,"column":4},"end":{"line":22,"column":41}},"12":{"start":{"line":24,"column":4},"end":{"line":24,"column":23}},"13":{"start":{"line":27,"column":2},"end":{"line":29,"column":3}},"14":{"start":{"line":28,"column":4},"end":{"line":28,"column":97}},"15":{"start":{"line":31,"column":2},"end":{"line":33,"column":3}},"16":{"start":{"line":32,"column":4},"end":{"line":32,"column":79}},"17":{"start":{"line":35,"column":2},"end":{"line":35,"column":9}},"18":{"start":{"line":38,"column":42},"end":{"line":58,"column":1}},"19":{"start":{"line":39,"column":58},"end":{"line":39,"column":66}},"20":{"start":{"line":41,"column":2},"end":{"line":47,"column":3}},"21":{"start":{"line":42,"column":4},"end":{"line":42,"column":45}},"22":{"start":{"line":43,"column":4},"end":{"line":43,"column":49}},"23":{"start":{"line":44,"column":4},"end":{"line":44,"column":45}},"24":{"start":{"line":46,"column":4},"end":{"line":46,"column":23}},"25":{"start":{"line":49,"column":2},"end":{"line":51,"column":3}},"26":{"start":{"line":50,"column":4},"end":{"line":50,"column":93}},"27":{"start":{"line":53,"column":2},"end":{"line":55,"column":3}},"28":{"start":{"line":54,"column":4},"end":{"line":54,"column":106}},"29":{"start":{"line":57,"column":2},"end":{"line":57,"column":9}}},"fnMap":{"0":{"name":"(anonymous_0)","decl":{"start":{"line":5,"column":38},"end":{"line":5,"column":39}},"loc":{"start":{"line":5,"column":58},"end":{"line":15,"column":1}},"line":5},"1":{"name":"(anonymous_1)","decl":{"start":{"line":17,"column":40},"end":{"line":17,"column":41}},"loc":{"start":{"line":17,"column":60},"end":{"line":36,"column":1}},"line":17},"2":{"name":"(anonymous_2)","decl":{"start":{"line":38,"column":42},"end":{"line":38,"column":43}},"loc":{"start":{"line":38,"column":62},"end":{"line":58,"column":1}},"line":38}},"branchMap":{"0":{"loc":{"start":{"line":8,"column":2},"end":{"line":13,"column":3}},"type":"if","locations":[{"start":{"line":8,"column":2},"end":{"line":13,"column":3}},{"start":{},"end":{}}],"line":8},"1":{"loc":{"start":{"line":10,"column":4},"end":{"line":12,"column":5}},"type":"if","locations":[{"start":{"line":10,"column":4},"end":{"line":12,"column":5}},{"start":{},"end":{}}],"line":10},"2":{"loc":{"start":{"line":10,"column":8},"end":{"line":10,"column":60}},"type":"binary-expr","locations":[{"start":{"line":10,"column":8},"end":{"line":10,"column":37}},{"start":{"line":10,"column":41},"end":{"line":10,"column":60}}],"line":10},"3":{"loc":{"start":{"line":27,"column":2},"end":{"line":29,"column":3}},"type":"if","locations":[{"start":{"line":27,"column":2},"end":{"line":29,"column":3}},{"start":{},"end":{}}],"line":27},"4":{"loc":{"start":{"line":27,"column":6},"end":{"line":27,"column":74}},"type":"binary-expr","locations":[{"start":{"line":27,"column":6},"end":{"line":27,"column":25}},{"start":{"line":27,"column":29},"end":{"line":27,"column":43}},{"start":{"line":27,"column":47},"end":{"line":27,"column":74}}],"line":27},"5":{"loc":{"start":{"line":31,"column":2},"end":{"line":33,"column":3}},"type":"if","locations":[{"start":{"line":31,"column":2},"end":{"line":33,"column":3}},{"start":{},"end":{}}],"line":31},"6":{"loc":{"start":{"line":49,"column":2},"end":{"line":51,"column":3}},"type":"if","locations":[{"start":{"line":49,"column":2},"end":{"line":51,"column":3}},{"start":{},"end":{}}],"line":49},"7":{"loc":{"start":{"line":49,"column":6},"end":{"line":49,"column":108}},"type":"binary-expr","locations":[{"start":{"line":49,"column":6},"end":{"line":49,"column":28}},{"start":{"line":49,"column":32},"end":{"line":49,"column":49}},{"start":{"line":49,"column":53},"end":{"line":49,"column":83}},{"start":{"line":49,"column":87},"end":{"line":49,"column":108}}],"line":49},"8":{"loc":{"start":{"line":53,"column":2},"end":{"line":55,"column":3}},"type":"if","locations":[{"start":{"line":53,"column":2},"end":{"line":55,"column":3}},{"start":{},"end":{}}],"line":53}},"s":{"0":1,"1":1,"2":1,"3":1,"4":1,"5":0,"6":1,"7":1,"8":5,"9":5,"10":5,"11":5,"12":0,"13":5,"14":0,"15":5,"16":0,"17":5,"18":1,"19":3,"20":3,"21":3,"22":3,"23":3,"24":0,"25":3,"26":0,"27":3,"28":1,"29":2},"f":{"0":1,"1":5,"2":3},"b":{"0":[1,0],"1":[0,1],"2":[1,1],"3":[0,5],"4":[5,5,5],"5":[0,5],"6":[0,3],"7":[3,3,3,3],"8":[1,2]},"_coverageSchema":"1a1c01bbd47fc00a2c39e90264f33305004495a9","hash":"a107be798c5c44dc072a3bd40ca634995303f2f3"}
,"/Users/naveenpl/Downloads/multi-store-stock-backend/src/validations/store.validation.js": {"path":"/Users/naveenpl/Downloads/multi-store-stock-backend/src/validations/store.validation.js","statementMap":{"0":{"start":{"line":4,"column":40},"end":{"line":12,"column":1}},"1":{"start":{"line":5,"column":19},"end":{"line":5,"column":27}},"2":{"start":{"line":7,"column":2},"end":{"line":9,"column":3}},"3":{"start":{"line":8,"column":4},"end":{"line":8,"column":81}},"4":{"start":{"line":11,"column":2},"end":{"line":11,"column":9}}},"fnMap":{"0":{"name":"(anonymous_0)","decl":{"start":{"line":4,"column":40},"end":{"line":4,"column":41}},"loc":{"start":{"line":4,"column":60},"end":{"line":12,"column":1}},"line":4}},"branchMap":{"0":{"loc":{"start":{"line":7,"column":2},"end":{"line":9,"column":3}},"type":"if","locations":[{"start":{"line":7,"column":2},"end":{"line":9,"column":3}},{"start":{},"end":{}}],"line":7}},"s":{"0":1,"1":0,"2":0,"3":0,"4":0},"f":{"0":0},"b":{"0":[0,0]},"_coverageSchema":"1a1c01bbd47fc00a2c39e90264f33305004495a9","hash":"b72d8f27bf82bb0fc36d66ac6d27ed400d8f5aad"}
,"/Users/naveenpl/Downloads/multi-store-stock-backend/tests/helpers.js": {"path":"/Users/naveenpl/Downloads/multi-store-stock-backend/tests/helpers.js","statementMap":{"0":{"start":{"line":8,"column":35},"end":{"line":18,"column":1}},"1":{"start":{"line":9,"column":25},"end":{"line":9,"column":59}},"2":{"start":{"line":10,"column":16},"end":{"line":15,"column":4}},"3":{"start":{"line":16,"column":16},"end":{"line":16,"column":36}},"4":{"start":{"line":17,"column":2},"end":{"line":17,"column":26}},"5":{"start":{"line":20,"column":37},"end":{"line":30,"column":1}},"6":{"start":{"line":21,"column":25},"end":{"line":21,"column":61}},"7":{"start":{"line":22,"column":18},"end":{"line":27,"column":4}},"8":{"start":{"line":28,"column":16},"end":{"line":28,"column":38}},"9":{"start":{"line":29,"column":2},"end":{"line":29,"column":28}},"10":{"start":{"line":32,"column":29},"end":{"line":38,"column":1}},"11":{"start":{"line":33,"column":2},"end":{"line":37,"column":5}},"12":{"start":{"line":40,"column":27},"end":{"line":45,"column":1}},"13":{"start":{"line":41,"column":2},"end":{"line":44,"column":5}}},"fnMap":{"0":{"name":"(anonymous_0)","decl":{"start":{"line":8,"column":35},"end":{"line":8,"column":36}},"loc":{"start":{"line":8,"column":47},"end":{"line":18,"column":1}},"line":8},"1":{"name":"(anonymous_1)","decl":{"start":{"line":20,"column":37},"end":{"line":20,"column":38}},"loc":{"start":{"line":20,"column":49},"end":{"line":30,"column":1}},"line":20},"2":{"name":"(anonymous_2)","decl":{"start":{"line":32,"column":29},"end":{"line":32,"column":30}},"loc":{"start":{"line":32,"column":55},"end":{"line":38,"column":1}},"line":32},"3":{"name":"(anonymous_3)","decl":{"start":{"line":40,"column":27},"end":{"line":40,"column":28}},"loc":{"start":{"line":40,"column":53},"end":{"line":45,"column":1}},"line":40}},"branchMap":{"0":{"loc":{"start":{"line":32,"column":36},"end":{"line":32,"column":50}},"type":"default-arg","locations":[{"start":{"line":32,"column":48},"end":{"line":32,"column":50}}],"line":32},"1":{"loc":{"start":{"line":40,"column":34},"end":{"line":40,"column":48}},"type":"default-arg","locations":[{"start":{"line":40,"column":46},"end":{"line":40,"column":48}}],"line":40}},"s":{"0":1,"1":5,"2":5,"3":5,"4":5,"5":1,"6":1,"7":1,"8":1,"9":1,"10":1,"11":6,"12":1,"13":9},"f":{"0":5,"1":1,"2":6,"3":9},"b":{"0":[6],"1":[3]},"_coverageSchema":"1a1c01bbd47fc00a2c39e90264f33305004495a9","hash":"e2fe4a0e775d0411e7a742f409c6ae615fb69de8"}
}
