TN:
SF:src/app.js
FN:21,(anonymous_0)
FN:31,(anonymous_1)
FNF:2
FNH:0
FNDA:0,(anonymous_0)
FNDA:0,(anonymous_1)
DA:10,1
DA:12,1
DA:18,1
DA:21,1
DA:22,0
DA:25,1
DA:26,1
DA:27,1
DA:28,1
DA:31,1
DA:32,0
DA:35,1
LF:12
LH:10
BRF:0
BRH:0
end_of_record
TN:
SF:src/config/env.js
FN:4,validateEnvVars
FN:14,(anonymous_1)
FN:18,(anonymous_2)
FNF:3
FNH:2
FNDA:1,validateEnvVars
FNDA:6,(anonymous_1)
FNDA:0,(anonymous_2)
DA:2,1
DA:5,1
DA:14,6
DA:16,1
DA:17,0
DA:18,0
DA:20,0
DA:24,1
DA:26,1
LF:9
LH:6
BRDA:16,0,0,0
BRDA:16,0,1,1
BRF:2
BRH:1
end_of_record
TN:
SF:src/constants/http-status.js
FNF:0
FNH:0
DA:1,1
LF:1
LH:1
BRF:0
BRH:0
end_of_record
TN:
SF:src/constants/roles.js
FNF:0
FNH:0
DA:1,1
DA:6,1
LF:2
LH:2
BRF:0
BRH:0
end_of_record
TN:
SF:src/controllers/auth.controller.js
FN:5,(anonymous_0)
FN:21,(anonymous_1)
FNF:2
FNH:0
FNDA:0,(anonymous_0)
FNDA:0,(anonymous_1)
DA:5,1
DA:6,0
DA:7,0
DA:8,0
DA:10,0
DA:17,0
DA:21,1
DA:22,0
DA:23,0
DA:24,0
DA:26,0
DA:33,0
LF:12
LH:2
BRF:0
BRH:0
end_of_record
TN:
SF:src/controllers/product.controller.js
FN:5,(anonymous_0)
FN:21,(anonymous_1)
FNF:2
FNH:0
FNDA:0,(anonymous_0)
FNDA:0,(anonymous_1)
DA:5,1
DA:6,0
DA:7,0
DA:8,0
DA:10,0
DA:17,0
DA:21,1
DA:22,0
DA:23,0
DA:25,0
DA:32,0
LF:11
LH:2
BRF:0
BRH:0
end_of_record
TN:
SF:src/controllers/stock.controller.js
FN:5,(anonymous_0)
FN:21,(anonymous_1)
FN:37,(anonymous_2)
FNF:3
FNH:3
FNDA:1,(anonymous_0)
FNDA:5,(anonymous_1)
FNDA:2,(anonymous_2)
DA:5,1
DA:6,1
DA:7,1
DA:8,1
DA:10,1
DA:17,0
DA:21,1
DA:22,5
DA:23,5
DA:24,5
DA:26,3
DA:33,2
DA:37,1
DA:38,2
DA:39,2
DA:40,2
DA:42,1
DA:49,1
LF:18
LH:17
BRF:0
BRH:0
end_of_record
TN:
SF:src/controllers/store.controller.js
FN:5,(anonymous_0)
FN:21,(anonymous_1)
FNF:2
FNH:0
FNDA:0,(anonymous_0)
FNDA:0,(anonymous_1)
DA:5,1
DA:6,0
DA:7,0
DA:8,0
DA:10,0
DA:17,0
DA:21,1
DA:22,0
DA:23,0
DA:25,0
DA:32,0
LF:11
LH:2
BRF:0
BRH:0
end_of_record
TN:
SF:src/middleware/auth.middleware.js
FN:5,(anonymous_0)
FN:6,(anonymous_1)
FNF:2
FNH:2
FNDA:7,(anonymous_0)
FNDA:10,(anonymous_1)
DA:5,1
DA:6,7
DA:7,10
DA:8,10
DA:11,10
DA:12,0
DA:15,10
DA:16,10
DA:17,10
DA:20,10
DA:21,1
DA:24,9
DA:26,1
DA:27,0
DA:29,1
LF:15
LH:13
BRDA:11,0,0,0
BRDA:11,0,1,10
BRDA:11,1,0,10
BRDA:11,1,1,10
BRDA:20,2,0,1
BRDA:20,2,1,9
BRDA:20,3,0,10
BRDA:20,3,1,9
BRDA:26,4,0,0
BRDA:26,4,1,1
BRDA:26,5,0,1
BRDA:26,5,1,1
BRF:12
BRH:10
end_of_record
TN:
SF:src/middleware/error.middleware.js
FN:3,(anonymous_0)
FN:24,(anonymous_1)
FNF:2
FNH:1
FNDA:5,(anonymous_0)
FNDA:0,(anonymous_1)
DA:3,1
DA:4,5
DA:5,5
DA:6,5
DA:9,5
DA:11,5
DA:12,0
DA:13,0
DA:17,5
DA:18,0
DA:19,0
DA:20,0
DA:23,5
DA:24,0
DA:25,0
DA:28,5
LF:16
LH:9
BRDA:6,0,0,5
BRDA:6,0,1,0
BRDA:11,1,0,0
BRDA:11,1,1,5
BRDA:17,2,0,0
BRDA:17,2,1,5
BRDA:23,3,0,0
BRDA:23,3,1,5
BRDA:29,4,0,5
BRDA:29,4,1,0
BRF:10
BRH:5
end_of_record
TN:
SF:src/models/Product.js
FNF:0
FNH:0
DA:3,1
LF:1
LH:1
BRF:0
BRH:0
end_of_record
TN:
SF:src/models/Stock.js
FNF:0
FNH:0
DA:3,1
DA:26,1
LF:2
LH:2
BRF:0
BRH:0
end_of_record
TN:
SF:src/models/Store.js
FNF:0
FNH:0
DA:3,1
LF:1
LH:1
BRF:0
BRH:0
end_of_record
TN:
SF:src/models/User.js
FNF:0
FNH:0
DA:4,1
DA:31,1
LF:2
LH:2
BRF:0
BRH:0
end_of_record
TN:
SF:src/routes/auth.routes.js
FNF:0
FNH:0
DA:5,1
DA:7,1
DA:8,1
LF:3
LH:3
BRF:0
BRH:0
end_of_record
TN:
SF:src/routes/product.routes.js
FNF:0
FNH:0
DA:7,1
DA:9,1
DA:10,1
LF:3
LH:3
BRF:0
BRH:0
end_of_record
TN:
SF:src/routes/stock.routes.js
FNF:0
FNH:0
DA:7,1
DA:9,1
DA:10,1
DA:11,1
LF:4
LH:4
BRF:0
BRH:0
end_of_record
TN:
SF:src/routes/store.routes.js
FNF:0
FNH:0
DA:7,1
DA:9,1
DA:10,1
LF:3
LH:3
BRF:0
BRH:0
end_of_record
TN:
SF:src/services/auth.service.js
FN:10,(anonymous_0)
FN:34,(anonymous_1)
FNF:2
FNH:0
FNDA:0,(anonymous_0)
FNDA:0,(anonymous_1)
DA:8,1
DA:10,1
DA:11,0
DA:14,0
DA:15,0
DA:16,0
DA:19,0
DA:21,0
DA:28,0
DA:34,1
DA:35,0
DA:38,0
DA:39,0
DA:42,0
DA:43,0
DA:44,0
DA:47,0
LF:17
LH:3
BRDA:15,0,0,0
BRDA:15,0,1,0
BRDA:38,1,0,0
BRDA:38,1,1,0
BRDA:43,2,0,0
BRDA:43,2,1,0
BRF:6
BRH:0
end_of_record
TN:
SF:src/services/product.service.js
FN:5,(anonymous_0)
FN:22,(anonymous_1)
FNF:2
FNH:0
FNDA:0,(anonymous_0)
FNDA:0,(anonymous_1)
DA:5,1
DA:6,0
DA:9,0
DA:10,0
DA:11,0
DA:14,0
DA:19,0
DA:22,1
DA:23,0
LF:9
LH:2
BRDA:10,0,0,0
BRDA:10,0,1,0
BRF:2
BRH:0
end_of_record
TN:
SF:src/services/stock.service.js
FN:8,(anonymous_0)
FN:22,(anonymous_1)
FN:72,(anonymous_2)
FN:88,(anonymous_3)
FNF:4
FNH:4
FNDA:1,(anonymous_0)
FNDA:5,(anonymous_1)
FNDA:2,(anonymous_2)
FNDA:2,(anonymous_3)
DA:8,1
DA:9,1
DA:11,1
DA:12,1
DA:15,1
DA:22,1
DA:24,5
DA:29,5
DA:30,5
DA:32,5
DA:35,5
DA:36,0
DA:43,5
DA:45,5
DA:46,5
DA:47,2
DA:55,3
DA:65,3
DA:66,0
DA:69,3
DA:72,1
DA:73,2
DA:79,2
DA:80,2
DA:81,2
DA:83,2
DA:84,2
DA:86,2
DA:88,2
DA:90,2
DA:100,2
DA:101,1
DA:105,1
DA:111,1
DA:114,1
DA:116,2
LF:36
LH:34
BRDA:11,0,0,1
BRDA:11,0,1,0
BRDA:29,1,0,0
BRDA:29,1,1,5
BRDA:30,2,0,0
BRDA:30,2,1,5
BRDA:35,3,0,0
BRDA:35,3,1,5
BRDA:46,4,0,2
BRDA:46,4,1,3
BRDA:46,5,0,5
BRDA:46,5,1,5
BRDA:48,6,0,0
BRDA:48,6,1,2
BRDA:65,7,0,0
BRDA:65,7,1,3
BRDA:79,8,0,0
BRDA:79,8,1,2
BRDA:80,9,0,0
BRDA:80,9,1,2
BRDA:81,10,0,0
BRDA:81,10,1,2
BRDA:100,11,0,1
BRDA:100,11,1,1
BRF:24
BRH:15
end_of_record
TN:
SF:src/services/store.service.js
FN:5,(anonymous_0)
FN:16,(anonymous_1)
FNF:2
FNH:0
FNDA:0,(anonymous_0)
FNDA:0,(anonymous_1)
DA:5,1
DA:6,0
DA:8,0
DA:9,0
DA:10,0
DA:13,0
DA:16,1
DA:17,0
LF:8
LH:2
BRDA:9,0,0,0
BRDA:9,0,1,0
BRF:2
BRH:0
end_of_record
TN:
SF:src/utils/AppError.js
FN:2,(anonymous_0)
FNF:1
FNH:1
FNDA:5,(anonymous_0)
DA:3,5
DA:4,5
LF:2
LH:2
BRF:0
BRH:0
end_of_record
TN:
SF:src/utils/response.util.js
FN:1,(anonymous_0)
FNF:1
FNH:1
FNDA:5,(anonymous_0)
DA:1,1
DA:2,5
LF:2
LH:2
BRDA:1,0,0,0
BRDA:5,1,0,5
BRDA:5,1,1,5
BRF:3
BRH:2
end_of_record
TN:
SF:src/utils/token.util.js
FN:4,(anonymous_0)
FN:15,(anonymous_1)
FNF:2
FNH:2
FNDA:6,(anonymous_0)
FNDA:10,(anonymous_1)
DA:4,1
DA:5,6
DA:15,1
DA:16,10
LF:4
LH:4
BRF:0
BRH:0
end_of_record
TN:
SF:src/utils/validation.util.js
FN:4,(anonymous_0)
FN:10,(anonymous_1)
FNF:2
FNH:1
FNDA:19,(anonymous_0)
FNDA:0,(anonymous_1)
DA:4,1
DA:5,19
DA:6,0
DA:10,1
DA:11,0
DA:12,0
DA:13,0
LF:7
LH:3
BRDA:4,0,0,0
BRDA:5,1,0,0
BRDA:5,1,1,19
BRDA:5,2,0,19
BRDA:5,2,1,19
BRDA:12,3,0,0
BRDA:12,3,1,0
BRDA:12,4,0,0
BRDA:12,4,1,0
BRF:9
BRH:3
end_of_record
TN:
SF:src/validations/auht.validation.js
FN:5,(anonymous_0)
FN:24,(anonymous_1)
FNF:2
FNH:0
FNDA:0,(anonymous_0)
FNDA:0,(anonymous_1)
DA:5,1
DA:6,0
DA:8,0
DA:9,0
DA:12,0
DA:13,0
DA:16,0
DA:17,0
DA:18,0
DA:20,0
DA:24,1
DA:25,0
DA:27,0
DA:28,0
DA:31,0
LF:15
LH:2
BRDA:8,0,0,0
BRDA:8,0,1,0
BRDA:8,1,0,0
BRDA:8,1,1,0
BRDA:8,1,2,0
BRDA:12,2,0,0
BRDA:12,2,1,0
BRDA:27,3,0,0
BRDA:27,3,1,0
BRDA:27,4,0,0
BRDA:27,4,1,0
BRF:11
BRH:0
end_of_record
TN:
SF:src/validations/product.validation.js
FN:4,(anonymous_0)
FNF:1
FNH:0
FNDA:0,(anonymous_0)
DA:4,1
DA:5,0
DA:7,0
DA:8,0
DA:11,0
LF:5
LH:1
BRDA:7,0,0,0
BRDA:7,0,1,0
BRDA:7,1,0,0
BRDA:7,1,1,0
BRF:4
BRH:0
end_of_record
TN:
SF:src/validations/stock.validation.js
FN:5,(anonymous_0)
FN:17,(anonymous_1)
FN:38,(anonymous_2)
FNF:3
FNH:3
FNDA:1,(anonymous_0)
FNDA:5,(anonymous_1)
FNDA:3,(anonymous_2)
DA:5,1
DA:6,1
DA:8,1
DA:9,1
DA:10,1
DA:11,0
DA:14,1
DA:17,1
DA:18,5
DA:20,5
DA:21,5
DA:22,5
DA:24,0
DA:27,5
DA:28,0
DA:31,5
DA:32,0
DA:35,5
DA:38,1
DA:39,3
DA:41,3
DA:42,3
DA:43,3
DA:44,3
DA:46,0
DA:49,3
DA:50,0
DA:53,3
DA:54,1
DA:57,2
LF:30
LH:24
BRDA:8,0,0,1
BRDA:8,0,1,0
BRDA:10,1,0,0
BRDA:10,1,1,1
BRDA:10,2,0,1
BRDA:10,2,1,1
BRDA:27,3,0,0
BRDA:27,3,1,5
BRDA:27,4,0,5
BRDA:27,4,1,5
BRDA:27,4,2,5
BRDA:31,5,0,0
BRDA:31,5,1,5
BRDA:49,6,0,0
BRDA:49,6,1,3
BRDA:49,7,0,3
BRDA:49,7,1,3
BRDA:49,7,2,3
BRDA:49,7,3,3
BRDA:53,8,0,1
BRDA:53,8,1,2
BRF:21
BRH:16
end_of_record
TN:
SF:src/validations/store.validation.js
FN:4,(anonymous_0)
FNF:1
FNH:0
FNDA:0,(anonymous_0)
DA:4,1
DA:5,0
DA:7,0
DA:8,0
DA:11,0
LF:5
LH:1
BRDA:7,0,0,0
BRDA:7,0,1,0
BRF:2
BRH:0
end_of_record
TN:
SF:tests/helpers.js
FN:8,(anonymous_0)
FN:20,(anonymous_1)
FN:32,(anonymous_2)
FN:40,(anonymous_3)
FNF:4
FNH:4
FNDA:5,(anonymous_0)
FNDA:1,(anonymous_1)
FNDA:6,(anonymous_2)
FNDA:9,(anonymous_3)
DA:8,1
DA:9,5
DA:10,5
DA:16,5
DA:17,5
DA:20,1
DA:21,1
DA:22,1
DA:28,1
DA:29,1
DA:32,1
DA:33,6
DA:40,1
DA:41,9
LF:14
LH:14
BRDA:32,0,0,6
BRDA:40,1,0,3
BRF:2
BRH:2
end_of_record
